2025-10-28 02:53:01.206: [INFO] VisibilityChanged: 0
2025-10-28 02:53:01.263: [INFO] RecordSyncInitDuration has_sync_been_enabled: 0 state: 0
2025-10-28 02:53:01.265: [INFO] RecordSyncInitDuration has_sync_been_enabled: 0 state: 0
2025-10-28 02:53:01.266: [INFO] RecordSyncInitDuration has_sync_been_enabled: 0 state: 0
2025-10-28 02:53:01.268: [INFO] RecordSyncInitDuration has_sync_been_enabled: 0 state: 0
2025-10-28 02:53:01.269: [INFO] RecordSyncInitDuration has_sync_been_enabled: 0 state: 0
2025-10-28 02:53:01.271: [INFO] RecordSyncInitDuration has_sync_been_enabled: 0 state: 0
2025-10-28 02:53:01.274: [INFO] RecordSyncInitDuration has_sync_been_enabled: 0 state: 0
2025-10-28 02:53:01.276: [INFO] RecordSyncInitDuration has_sync_been_enabled: 0 state: 0
2025-10-28 02:53:01.278: [INFO] RecordSyncInitDuration has_sync_been_enabled: 0 state: 0
2025-10-28 02:53:01.280: [INFO] RecordSyncInitDuration has_sync_been_enabled: 0 state: 0
2025-10-28 02:53:01.283: [INFO] RecordSyncInitDuration has_sync_been_enabled: 0 state: 0
2025-10-28 02:53:01.297: [INFO] BookmarkNodeAdded, ABU: 0
2025-10-28 02:53:01.297: [INFO] BookmarkNodeAdded, ABU: 0
2025-10-28 02:53:01.298: [INFO] BookmarkNodeAdded, ABU: 0
2025-10-28 02:53:01.298: [INFO] BookmarkModelLoaded, ids_reassigned: 0
2025-10-28 02:53:01.298: [INFO] OnDoneLoading sync enabled: 0
2025-10-28 02:53:01.404: [INFO] RecordSyncInitDuration has_sync_been_enabled: 0 state: 0
2025-10-28 02:53:03.793: [INFO] RecordSyncInitDuration has_sync_been_enabled: 0 state: 3
2025-10-28 02:53:03.796: [INFO] Primary account changed.
2025-10-28 02:53:03.796: [INFO] OnPrimaryAccountChanged PrimaryAccountChangeEvent::Type::kSet
2025-10-28 02:53:03.801: [INFO] RecordSyncInitDuration has_sync_been_enabled: 0 state: 3
2025-10-28 02:53:09.913: [INFO] Sync initialization duration: 5920ms
2025-11-07 01:11:46.293: [INFO] VisibilityChanged: 0
2025-11-07 01:11:46.345: [INFO] BookmarkNodeAdded, ABU: 0
2025-11-07 01:11:46.345: [INFO] BookmarkNodeAdded, ABU: 0
2025-11-07 01:11:46.345: [INFO] BookmarkNodeAdded, ABU: 0
2025-11-07 01:11:46.345: [INFO] BookmarkModelLoaded, ids_reassigned: 1
2025-11-07 01:11:46.345: [INFO] OnDoneLoading sync enabled: 1
2025-11-07 01:11:59.033: [INFO] Sync initialization duration: 2739ms
2025-11-07 01:18:06.905: [INFO] VisibilityChanged: 0
2025-11-07 01:18:06.958: [INFO] BookmarkNodeAdded, ABU: 0
2025-11-07 01:18:06.959: [INFO] BookmarkNodeAdded, ABU: 0
2025-11-07 01:18:06.959: [INFO] BookmarkNodeAdded, ABU: 0
2025-11-07 01:18:06.959: [INFO] BookmarkModelLoaded, ids_reassigned: 0
2025-11-07 01:18:06.959: [INFO] OnDoneLoading sync enabled: 1
2025-11-07 01:18:19.054: [INFO] Sync initialization duration: 2146ms
2025-11-07 01:20:05.586: [INFO] VisibilityChanged: 0
2025-11-07 01:20:05.642: [INFO] BookmarkNodeAdded, ABU: 0
2025-11-07 01:20:05.642: [INFO] BookmarkNodeAdded, ABU: 0
2025-11-07 01:20:05.643: [INFO] BookmarkNodeAdded, ABU: 0
2025-11-07 01:20:05.643: [INFO] BookmarkModelLoaded, ids_reassigned: 0
2025-11-07 01:20:05.643: [INFO] OnDoneLoading sync enabled: 1
2025-11-07 01:20:17.581: [INFO] Sync initialization duration: 2002ms
2025-11-07 01:23:27.615: [INFO] VisibilityChanged: 0
2025-11-07 01:23:27.665: [INFO] BookmarkNodeAdded, ABU: 0
2025-11-07 01:23:27.665: [INFO] BookmarkNodeAdded, ABU: 0
2025-11-07 01:23:27.665: [INFO] BookmarkNodeAdded, ABU: 0
2025-11-07 01:23:27.665: [INFO] BookmarkModelLoaded, ids_reassigned: 0
2025-11-07 01:23:27.665: [INFO] OnDoneLoading sync enabled: 1
2025-11-07 01:23:39.697: [INFO] Sync initialization duration: 2273ms
2025-11-07 01:27:14.447: [INFO] VisibilityChanged: 0
2025-11-07 01:27:14.502: [INFO] BookmarkNodeAdded, ABU: 0
2025-11-07 01:27:14.502: [INFO] BookmarkNodeAdded, ABU: 0
2025-11-07 01:27:14.502: [INFO] BookmarkNodeAdded, ABU: 0
2025-11-07 01:27:14.502: [INFO] BookmarkModelLoaded, ids_reassigned: 0
2025-11-07 01:27:14.502: [INFO] OnDoneLoading sync enabled: 1
2025-11-07 01:27:26.792: [INFO] Sync initialization duration: 2546ms
2025-11-07 01:55:32.014: [INFO] VisibilityChanged: 0
2025-11-07 01:55:32.067: [INFO] BookmarkNodeAdded, ABU: 0
2025-11-07 01:55:32.067: [INFO] BookmarkNodeAdded, ABU: 0
2025-11-07 01:55:32.067: [INFO] BookmarkNodeAdded, ABU: 0
2025-11-07 01:55:32.067: [INFO] BookmarkModelLoaded, ids_reassigned: 0
2025-11-07 01:55:32.067: [INFO] OnDoneLoading sync enabled: 1
2025-11-07 01:55:43.142: [INFO] Sync initialization duration: 2610ms
2025-11-07 02:00:33.760: [INFO] VisibilityChanged: 0
2025-11-07 02:00:33.819: [INFO] BookmarkNodeAdded, ABU: 0
2025-11-07 02:00:33.819: [INFO] BookmarkNodeAdded, ABU: 0
2025-11-07 02:00:33.819: [INFO] BookmarkNodeAdded, ABU: 0
2025-11-07 02:00:33.819: [INFO] BookmarkModelLoaded, ids_reassigned: 0
2025-11-07 02:00:33.819: [INFO] OnDoneLoading sync enabled: 1
2025-11-07 02:00:45.761: [INFO] Sync initialization duration: 1987ms
2025-11-07 02:10:17.410: [INFO] VisibilityChanged: 0
2025-11-07 02:10:17.467: [INFO] BookmarkNodeAdded, ABU: 0
2025-11-07 02:10:17.467: [INFO] BookmarkNodeAdded, ABU: 0
2025-11-07 02:10:17.467: [INFO] BookmarkNodeAdded, ABU: 0
2025-11-07 02:10:17.467: [INFO] BookmarkModelLoaded, ids_reassigned: 0
2025-11-07 02:10:17.467: [INFO] OnDoneLoading sync enabled: 1
2025-11-07 02:10:29.829: [INFO] Sync initialization duration: 2400ms
