{"logTime": "1028/025307", "correlationVector":"io0yBdvhIwYud1zcoRviQn.1","action":"SyncServerConnectionManagerRequest", "result":"SYNC_SERVER_OK", "context":{"environment":"Prod_brazilsouth_prod-s01-001-sam-brazilsouth", "migrationStage":"NotStarted", "server":"akswtt220000015"}}
{"logTime": "1028/025307", "correlationVector":"io0yBdvhIwYud1zcoRviQn.2","action":"ProcessGetUpdates", "result":"Done", "context":{"dataType":"Encryption Keys", "deleted":"0", "process_failed_to_decrypt":"0", "process_pending_decryption":"0", "process_success":"1", "total":"1"}}
{"logTime": "1028/025308", "correlationVector":"ggcixO3Azw38fBEkAQEOl0","action":"SyncServerConnectionManagerRequest", "result":"SYNC_SERVER_OK", "context":{"environment":"", "migrationStage":"", "server":""}}
{"logTime": "1028/025308", "correlationVector":"ggcixO3Azw38fBEkAQEOl0.0","action":"EncryptionKeysFetcher.DownloadKeys:", "result":"Success", "context":Key count: 10, Last key timestamp: 2025-09-18T03:17:27Z}
{"logTime": "1028/025308", "correlationVector":"ggcixO3Azw38fBEkAQEOl0.1","action":"EncryptionKeysManager::SetEncryptionKeys:", "result":"Success", "context":Key names[10]:[Q04puILP8hte084TW5tkXiW1XkLPLu6Guk8QOpGaQbfa07qCG+g/yCESjOGrtm+EPy+eR8eyxn1bYGoqj5Dt2Q==][y2oJTKIcw8bE/1J23Kx2xTOAh6eX1vlsy0eIIKqgUe7X05QIRTcBtv8rJlC6JMjyJSZCar17ECqLhtnKwVn+jg==][WCtB5hDNToctgwtNxmT10oDV34WjLJEYQTm+t3rPuBf5Pxybg2d6r687iFH0ymNFwnSOjchk+RUdZucp+9gn8g==][QoD7srY8ZmTa0DQhXrhzE55PemLfunN+SKGmjRj9sXORyVxrZBiTCX7MzsK1GMaQ9k0aGP3pCirvlXvKm46wMg==][nv+sacBknQqqBneYrv+a3d7crUBiiCEQFoL97qr/B/Lwh3aoDKiOa0KUgcewgWuhvjzsZ/bsh8r5KNb9E+gQeQ==][jk0KpaNJjHDIITwkvORbvWgjY5BPElt5AH2/4KDvMcmS7n7tIvJZVOCdMn95JBe2dr5xEpCD5AHTRMaKDybNNw==][w5wGoJY7ro5akVgGlfE7F0tz+JaFh+dRWNgJWwLykuaFxlCUAhxM9E1AfSYxoFns5esDW5Kvj2GCiJxXr1r/XQ==][2hygVXAZcVa6vn65ry9BbCVbaTeD22fUHzUr6s/gHUvCKg2JlOp2mGN7CTLIDUeJsK5INVGt1NmJI4m13isP8g==][SQKwZYipScuq5FsQBTUjwyLWQaZDrRTFawyRkQ5FhV7s03br+SN9npGXwjrmQ0Yt5OkPHUVca8QbnZQx0M67fw==][MolvjpALDjdPruk74V/AmiDRilbdoCD+4dUYZYCqZjRkV/3YO5DMOnK36g1TT8/y7U3ZJRfNjkJnTQ9QNDMUzw==]}
{"logTime": "1028/025308", "correlationVector":"ggcixO3Azw38fBEkAQEOl0.2","action":"EncryptionKeysManager::SetEncryptionKeysWithTimestamps:", "result":"Success", "context":Key timestamps[10]:[2021-07-23T23:20:03Z][2022-01-23T21:32:17Z][2022-07-23T02:03:44Z][2023-01-24T17:02:49Z][2023-02-20T21:01:36Z][2023-09-26T15:15:22Z][2024-04-21T18:53:55Z][2025-04-05T15:53:45Z][2025-08-07T22:08:27Z][2025-09-18T03:17:27Z]}
{"logTime": "1028/025308", "correlationVector":"io0yBdvhIwYud1zcoRviQn","action":"Initial GetUpdates", "result":"", "context":Reason: NEW_CLIENT. cV=io0yBdvhIwYud1zcoRviQn}
{"logTime": "1028/025308", "correlationVector":"io0yBdvhIwYud1zcoRviQn.3","action":"GetUpdates Response", "result":"Success", "context":Received 1 update(s). cV=io0yBdvhIwYud1zcoRviQn.0;server=akswtt220000015;cloudType=Consumer;environment=Prod_brazilsouth_prod-s01-001-sam-brazilsouth;migrationStage=NotStarted}
{"logTime": "1028/025308", "correlationVector":"HulZxsI/CePUl7YEywMdCd","action":"Initial GetUpdates", "result":"", "context":Reason: NEWLY_SUPPORTED_DATATYPE. cV=HulZxsI/CePUl7YEywMdCd}
{"logTime": "1028/025308", "correlationVector":"HulZxsI/CePUl7YEywMdCd.1","action":"SyncServerConnectionManagerRequest", "result":"SYNC_SERVER_OK", "context":{"environment":"Prod_brazilsouth_prod-s01-001-sam-brazilsouth", "migrationStage":"NotStarted", "server":"akswtt220000009"}}
{"logTime": "1028/025308", "correlationVector":"HulZxsI/CePUl7YEywMdCd.2","action":"ProcessGetUpdates", "result":"Done", "context":{"dataType":"Preferences", "deleted":"0", "process_failed_to_decrypt":"0", "process_pending_decryption":"0", "process_success":"61", "total":"61"}}
{"logTime": "1028/025308", "correlationVector":"HulZxsI/CePUl7YEywMdCd.3","action":"ProcessGetUpdates", "result":"Done", "context":{"dataType":"Passwords", "deleted":"0", "process_failed_to_decrypt":"0", "process_pending_decryption":"0", "process_success":"3", "total":"3"}}
{"logTime": "1028/025308", "correlationVector":"HulZxsI/CePUl7YEywMdCd.4","action":"ProcessGetUpdates", "result":"Done", "context":{"dataType":"Device Info", "deleted":"0", "process_failed_to_decrypt":"0", "process_pending_decryption":"0", "process_success":"11", "total":"11"}}
{"logTime": "1028/025308", "correlationVector":"HulZxsI/CePUl7YEywMdCd.5","action":"GetUpdates Response", "result":"Success", "context":Received 75 update(s). cV=HulZxsI/CePUl7YEywMdCd.0;server=akswtt220000009;cloudType=Consumer;environment=Prod_brazilsouth_prod-s01-001-sam-brazilsouth;migrationStage=NotStarted}
{"logTime": "1028/025309", "correlationVector":"ZWruj9lBhnXSMv7k5m2II9","action":"Initial GetUpdates", "result":"", "context":Reason: NEWLY_SUPPORTED_DATATYPE. cV=ZWruj9lBhnXSMv7k5m2II9}
{"logTime": "1028/025309", "correlationVector":"ZWruj9lBhnXSMv7k5m2II9.1","action":"SyncServerConnectionManagerRequest", "result":"SYNC_SERVER_OK", "context":{"environment":"Prod_brazilsouth_prod-s01-001-sam-brazilsouth", "migrationStage":"NotStarted", "server":"akswtt22000000x"}}
{"logTime": "1028/025309", "correlationVector":"ZWruj9lBhnXSMv7k5m2II9.2","action":"ProcessGetUpdates", "result":"Done", "context":{"dataType":"Bookmarks", "deleted":"0", "process_failed_to_decrypt":"0", "process_pending_decryption":"0", "process_success":"6", "total":"6"}}
{"logTime": "1028/025309", "correlationVector":"ZWruj9lBhnXSMv7k5m2II9.3","action":"GetUpdates Response", "result":"Success", "context":Received 6 update(s). cV=ZWruj9lBhnXSMv7k5m2II9.0;server=akswtt22000000x;cloudType=Consumer;environment=Prod_brazilsouth_prod-s01-001-sam-brazilsouth;migrationStage=NotStarted}
{"logTime": "1028/025309", "correlationVector":"0J0KHyipI2MVkR99wb+Met","action":"Initial GetUpdates", "result":"", "context":Reason: NEWLY_SUPPORTED_DATATYPE. cV=0J0KHyipI2MVkR99wb+Met}
{"logTime": "1028/025309", "correlationVector":"0J0KHyipI2MVkR99wb+Met.1","action":"SyncServerConnectionManagerRequest", "result":"SYNC_SERVER_OK", "context":{"environment":"Prod_brazilsouth_prod-s01-001-sam-brazilsouth", "migrationStage":"NotStarted", "server":"akswtt22000000w"}}
{"logTime": "1028/025309", "correlationVector":"0J0KHyipI2MVkR99wb+Met.2","action":"ProcessGetUpdates", "result":"Done", "context":{"dataType":"Autofill", "deleted":"0", "process_failed_to_decrypt":"0", "process_pending_decryption":"0", "process_success":"1", "total":"1"}}
{"logTime": "1028/025309", "correlationVector":"0J0KHyipI2MVkR99wb+Met.3","action":"ProcessGetUpdates", "result":"Done", "context":{"dataType":"Sessions", "deleted":"1", "process_failed_to_decrypt":"0", "process_pending_decryption":"0", "process_success":"8", "total":"8"}}
{"logTime": "1028/025309", "correlationVector":"0J0KHyipI2MVkR99wb+Met.4","action":"GetUpdates Response", "result":"Success", "context":Received 9 update(s). cV=0J0KHyipI2MVkR99wb+Met.0;server=akswtt22000000w;cloudType=Consumer;environment=Prod_brazilsouth_prod-s01-001-sam-brazilsouth;migrationStage=NotStarted}
{"logTime": "1028/025309", "correlationVector":"SXg7G6z06CI9kUqJnjHRNr","action":"Initial GetUpdates", "result":"", "context":Reason: NEWLY_SUPPORTED_DATATYPE. cV=SXg7G6z06CI9kUqJnjHRNr}
{"logTime": "1028/025310", "correlationVector":"SXg7G6z06CI9kUqJnjHRNr.1","action":"SyncServerConnectionManagerRequest", "result":"SYNC_SERVER_OK", "context":{"environment":"Prod_brazilsouth_prod-s01-001-sam-brazilsouth", "migrationStage":"NotStarted", "server":"akswtt22000000n"}}
{"logTime": "1028/025310", "correlationVector":"SXg7G6z06CI9kUqJnjHRNr.2","action":"ProcessGetUpdates", "result":"Done", "context":{"dataType":"History", "deleted":"0", "process_failed_to_decrypt":"0", "process_pending_decryption":"0", "process_success":"42", "total":"42"}}
{"logTime": "1028/025310", "correlationVector":"SXg7G6z06CI9kUqJnjHRNr.3","action":"GetUpdates Response", "result":"Success", "context":Received 42 update(s). cV=SXg7G6z06CI9kUqJnjHRNr.0;server=akswtt22000000n;cloudType=Consumer;environment=Prod_brazilsouth_prod-s01-001-sam-brazilsouth;migrationStage=NotStarted}
{"logTime": "1028/025310", "correlationVector":"hB4vD8oh9W7VMS7/7S12zW","action":"Normal GetUpdate request", "result":"", "context":cV=hB4vD8oh9W7VMS7/7S12zW
Nudged types: Sessions, Device Info, User Consents
Refresh requested types: Bookmarks, Preferences, Passwords, Autofill Profiles, Autofill, Extensions, Sessions, Extension settings, History Delete Directives, Device Info, User Consents, Send Tab To Self, Web Apps, History, Saved Tab Group, WebAuthn Credentials, Collection, Edge E Drop, Edge Hub App Usage, Edge Wallet, Encryption Keys}
{"logTime": "1028/025310", "correlationVector":"hB4vD8oh9W7VMS7/7S12zW.1","action":"SyncServerConnectionManagerRequest", "result":"SYNC_SERVER_OK", "context":{"environment":"Prod_brazilsouth_prod-s01-001-sam-brazilsouth", "migrationStage":"NotStarted", "server":"akswtt22000000q"}}
{"logTime": "1028/025310", "correlationVector":"hB4vD8oh9W7VMS7/7S12zW.2","action":"GetUpdates Response", "result":"Success", "context":Received 0 update(s). cV=hB4vD8oh9W7VMS7/7S12zW.0;server=akswtt22000000q;cloudType=Consumer;environment=Prod_brazilsouth_prod-s01-001-sam-brazilsouth;migrationStage=NotStarted}
{"logTime": "1028/025310", "correlationVector":"ss+1eBoECnWkt/A3pCnZsx","action":"DoCompareDataConsistency requsted types: ", "result":"Bookmarks, Preferences, Passwords, Extensions, Extension settings, History Delete Directives, Send Tab To Self, Web Apps, History, Saved Tab Group, WebAuthn Credentials, Collection, Edge E Drop, Edge Wallet, Encryption Keys"}
{"logTime": "1028/025310", "correlationVector":"ss+1eBoECnWkt/A3pCnZsx.0","action":"CompareDataConsistency result: ", "result":"Compare result: Encryption Keys is consistent. local entities count is: 1 local entities hash is: yveAYQk9wjmBH8nf2dhN8bYtVmM="}
{"logTime": "1028/025310", "correlationVector":"ss+1eBoECnWkt/A3pCnZsx.1","action":"CompareDataConsistency result: ", "result":"Compare result: Bookmarks is consistent. local entities count is: 0 local entities hash is: "}
{"logTime": "1028/025310", "correlationVector":"ss+1eBoECnWkt/A3pCnZsx.2","action":"CompareDataConsistency result: ", "result":"Compare result: Preferences is consistent. local entities count is: 61 local entities hash is: xEqBErqxS9Hw6Hsteu6hro3Icwo="}
{"logTime": "1028/025310", "correlationVector":"ss+1eBoECnWkt/A3pCnZsx.3","action":"CompareDataConsistency result: ", "result":"Compare result: Extensions is consistent. local entities count is: 0 local entities hash is: "}
{"logTime": "1028/025310", "correlationVector":"ss+1eBoECnWkt/A3pCnZsx.4","action":"CompareDataConsistency result: ", "result":"Compare result: Extension settings is consistent. local entities count is: 0 local entities hash is: "}
{"logTime": "1028/025310", "correlationVector":"ss+1eBoECnWkt/A3pCnZsx.5","action":"CompareDataConsistency result: ", "result":"Compare result: History Delete Directives is consistent. local entities count is: 0 local entities hash is: "}
{"logTime": "1028/025310", "correlationVector":"ss+1eBoECnWkt/A3pCnZsx.6","action":"CompareDataConsistency result: ", "result":"Server did not send this Send Tab To Self local entities count is: 0 local entities hash is: "}
{"logTime": "1028/025310", "correlationVector":"ss+1eBoECnWkt/A3pCnZsx.7","action":"CompareDataConsistency result: ", "result":"Compare result: Web Apps is consistent. local entities count is: 0 local entities hash is: "}
{"logTime": "1028/025310", "correlationVector":"ss+1eBoECnWkt/A3pCnZsx.8","action":"CompareDataConsistency result: ", "result":"Server did not send this History local entities count is: 0 local entities hash is: "}
{"logTime": "1028/025310", "correlationVector":"ss+1eBoECnWkt/A3pCnZsx.9","action":"CompareDataConsistency result: ", "result":"Compare result: Saved Tab Group is consistent. local entities count is: 0 local entities hash is: "}
{"logTime": "1028/025310", "correlationVector":"ss+1eBoECnWkt/A3pCnZsx.10","action":"CompareDataConsistency result: ", "result":"Server did not send this WebAuthn Credentials local entities count is: 0 local entities hash is: "}
{"logTime": "1028/025310", "correlationVector":"ss+1eBoECnWkt/A3pCnZsx.11","action":"CompareDataConsistency result: ", "result":"Compare result: Collection is consistent. local entities count is: 0 local entities hash is: "}
{"logTime": "1028/025310", "correlationVector":"ss+1eBoECnWkt/A3pCnZsx.12","action":"CompareDataConsistency result: ", "result":"Compare result: Edge E Drop is consistent. local entities count is: 0 local entities hash is: "}
{"logTime": "1028/025310", "correlationVector":"ss+1eBoECnWkt/A3pCnZsx.13","action":"CompareDataConsistency result: ", "result":"Compare result: Edge Wallet is consistent. local entities count is: 0 local entities hash is: "}
{"logTime": "1028/025310", "correlationVector":"ss+1eBoECnWkt/A3pCnZsx.14","action":"CompareDataConsistency result: ", "result":"Compare result: Passwords is consistent. local entities count is: 3 local entities hash is: jgNfcHnXTpGI40Zdv80TjHi3GO4="}
{"logTime": "1028/025311", "correlationVector":"DSUZJuBd1VpSODGrzu4XPj","action":"Commit Request", "result":"", "context":Item count: 4
Contributing types: Sessions, Device Info, User Consents}
{"logTime": "1028/025312", "correlationVector":"DSUZJuBd1VpSODGrzu4XPj.1","action":"SyncServerConnectionManagerRequest", "result":"SYNC_SERVER_OK", "context":{"environment":"Prod_brazilsouth_prod-s01-001-sam-brazilsouth", "migrationStage":"NotStarted", "server":"akswtt22000000m"}}
{"logTime": "1028/025312", "correlationVector":"DSUZJuBd1VpSODGrzu4XPj.2","action":"Commit Response", "result":"Success", "context":Result: Success. cV=DSUZJuBd1VpSODGrzu4XPj.0;server=akswtt22000000m;cloudType=Consumer;environment=Prod_brazilsouth_prod-s01-001-sam-brazilsouth;migrationStage=NotStarted}
{"logTime": "1028/025312", "correlationVector":"","action":"DIAGNOSTIC_REQUEST|v1/diagnosticData/Diagnostic.SendCheckResult()|SUCCESS", "result":""}
{"logTime": "1028/025316", "correlationVector":"9xysu4UaiCwU0hd6qazChN","action":"Commit Request", "result":"", "context":Item count: 3
Contributing types: Sessions, User Consents, History}
{"logTime": "1028/025318", "correlationVector":"9xysu4UaiCwU0hd6qazChN.1","action":"SyncServerConnectionManagerRequest", "result":"SYNC_SERVER_OK", "context":{"environment":"Prod_brazilsouth_prod-s01-001-sam-brazilsouth", "migrationStage":"NotStarted", "server":"akswtt22000000n"}}
{"logTime": "1028/025318", "correlationVector":"9xysu4UaiCwU0hd6qazChN.2","action":"Commit Response", "result":"Success", "context":Result: Success. cV=9xysu4UaiCwU0hd6qazChN.0;server=akswtt22000000n;cloudType=Consumer;environment=Prod_brazilsouth_prod-s01-001-sam-brazilsouth;migrationStage=NotStarted}
{"logTime": "1028/025332", "correlationVector":"bnHZyuXE43ekZyhtoKSQZi","action":"Commit Request", "result":"", "context":Item count: 4
Contributing types: Preferences, Sessions, History}
{"logTime": "1028/025334", "correlationVector":"bnHZyuXE43ekZyhtoKSQZi.1","action":"SyncServerConnectionManagerRequest", "result":"SYNC_SERVER_OK", "context":{"environment":"Prod_brazilsouth_prod-s01-001-sam-brazilsouth", "migrationStage":"NotStarted", "server":"akswtt220000007"}}
{"logTime": "1028/025334", "correlationVector":"bnHZyuXE43ekZyhtoKSQZi.2","action":"Commit Response", "result":"Success", "context":Result: Success. cV=bnHZyuXE43ekZyhtoKSQZi.0;server=akswtt220000007;cloudType=Consumer;environment=Prod_brazilsouth_prod-s01-001-sam-brazilsouth;migrationStage=NotStarted}
{"logTime": "1028/025401", "correlationVector":"Qics4MKwS4xUM4A4iNn1rI","action":"Commit Request", "result":"", "context":Item count: 7
Contributing types: Passwords, Sessions, History}
{"logTime": "1028/025402", "correlationVector":"Qics4MKwS4xUM4A4iNn1rI.1","action":"SyncServerConnectionManagerRequest", "result":"SYNC_SERVER_OK", "context":{"environment":"Prod_brazilsouth_prod-s01-001-sam-brazilsouth", "migrationStage":"NotStarted", "server":"akswtt22000000t"}}
{"logTime": "1028/025402", "correlationVector":"Qics4MKwS4xUM4A4iNn1rI.2","action":"Commit Response", "result":"Success", "context":Result: Success. cV=Qics4MKwS4xUM4A4iNn1rI.0;server=akswtt22000000t;cloudType=Consumer;environment=Prod_brazilsouth_prod-s01-001-sam-brazilsouth;migrationStage=NotStarted}
{"logTime": "1107/011157", "correlationVector":"xPSW/s9grmAmUQ92A8z54V.1","action":"SyncServerConnectionManagerRequest", "result":"SYNC_SERVER_OK", "context":{"environment":"Prod_brazilsouth_prod-s01-001-sam-brazilsouth", "migrationStage":"NotStarted", "server":"akswtt22000001s"}}
{"logTime": "1107/011157", "correlationVector":"xPSW/s9grmAmUQ92A8z54V.2","action":"ProcessGetUpdates", "result":"Done", "context":{"dataType":"Encryption Keys", "deleted":"0", "process_failed_to_decrypt":"0", "process_pending_decryption":"0", "process_success":"1", "total":"1"}}
{"logTime": "1107/011157", "correlationVector":"37hqptfKZ1bUINDvCoVAWb","action":"ValidateEncryptionKeys", "result":"No mitigation", "context":Nigori: [:1761441119785]}
{"logTime": "1107/011158", "correlationVector":"37hqptfKZ1bUINDvCoVAWb.0","action":"SyncServerConnectionManagerRequest", "result":"SYNC_SERVER_OK", "context":{"environment":"", "migrationStage":"", "server":""}}
{"logTime": "1107/011158", "correlationVector":"37hqptfKZ1bUINDvCoVAWb.1","action":"EncryptionKeysFetcher.DownloadKeys:", "result":"Success", "context":Key count: 10, Last key timestamp: 2025-09-18T03:17:27Z}
{"logTime": "1107/011158", "correlationVector":"37hqptfKZ1bUINDvCoVAWb.2","action":"EncryptionKeysManager::SetEncryptionKeys:", "result":"Success", "context":Key names[10]:[Q04puILP8hte084TW5tkXiW1XkLPLu6Guk8QOpGaQbfa07qCG+g/yCESjOGrtm+EPy+eR8eyxn1bYGoqj5Dt2Q==][y2oJTKIcw8bE/1J23Kx2xTOAh6eX1vlsy0eIIKqgUe7X05QIRTcBtv8rJlC6JMjyJSZCar17ECqLhtnKwVn+jg==][WCtB5hDNToctgwtNxmT10oDV34WjLJEYQTm+t3rPuBf5Pxybg2d6r687iFH0ymNFwnSOjchk+RUdZucp+9gn8g==][QoD7srY8ZmTa0DQhXrhzE55PemLfunN+SKGmjRj9sXORyVxrZBiTCX7MzsK1GMaQ9k0aGP3pCirvlXvKm46wMg==][nv+sacBknQqqBneYrv+a3d7crUBiiCEQFoL97qr/B/Lwh3aoDKiOa0KUgcewgWuhvjzsZ/bsh8r5KNb9E+gQeQ==][jk0KpaNJjHDIITwkvORbvWgjY5BPElt5AH2/4KDvMcmS7n7tIvJZVOCdMn95JBe2dr5xEpCD5AHTRMaKDybNNw==][w5wGoJY7ro5akVgGlfE7F0tz+JaFh+dRWNgJWwLykuaFxlCUAhxM9E1AfSYxoFns5esDW5Kvj2GCiJxXr1r/XQ==][2hygVXAZcVa6vn65ry9BbCVbaTeD22fUHzUr6s/gHUvCKg2JlOp2mGN7CTLIDUeJsK5INVGt1NmJI4m13isP8g==][SQKwZYipScuq5FsQBTUjwyLWQaZDrRTFawyRkQ5FhV7s03br+SN9npGXwjrmQ0Yt5OkPHUVca8QbnZQx0M67fw==][MolvjpALDjdPruk74V/AmiDRilbdoCD+4dUYZYCqZjRkV/3YO5DMOnK36g1TT8/y7U3ZJRfNjkJnTQ9QNDMUzw==]}
{"logTime": "1107/011158", "correlationVector":"37hqptfKZ1bUINDvCoVAWb.3","action":"EncryptionKeysManager::SetEncryptionKeysWithTimestamps:", "result":"Success", "context":Key timestamps[10]:[2021-07-23T23:20:03Z][2022-01-23T21:32:17Z][2022-07-23T02:03:44Z][2023-01-24T17:02:49Z][2023-02-20T21:01:36Z][2023-09-26T15:15:22Z][2024-04-21T18:53:55Z][2025-04-05T15:53:45Z][2025-08-07T22:08:27Z][2025-09-18T03:17:27Z]}
{"logTime": "1107/011158", "correlationVector":"xPSW/s9grmAmUQ92A8z54V","action":"Initial GetUpdates", "result":"", "context":Reason: NEW_CLIENT. cV=xPSW/s9grmAmUQ92A8z54V}
{"logTime": "1107/011158", "correlationVector":"xPSW/s9grmAmUQ92A8z54V.3","action":"GetUpdates Response", "result":"Success", "context":Received 1 update(s). cV=xPSW/s9grmAmUQ92A8z54V.0;server=akswtt22000001s;cloudType=Consumer;environment=Prod_brazilsouth_prod-s01-001-sam-brazilsouth;migrationStage=NotStarted}
{"logTime": "1107/011158", "correlationVector":"OifLVH8Fkgl4LDKBkpTKeo","action":"Initial GetUpdates", "result":"", "context":Reason: NEWLY_SUPPORTED_DATATYPE. cV=OifLVH8Fkgl4LDKBkpTKeo}
{"logTime": "1107/011158", "correlationVector":"OifLVH8Fkgl4LDKBkpTKeo.1","action":"SyncServerConnectionManagerRequest", "result":"SYNC_SERVER_OK", "context":{"environment":"Prod_brazilsouth_prod-s01-001-sam-brazilsouth", "migrationStage":"NotStarted", "server":"akswtt22000003o"}}
{"logTime": "1107/011158", "correlationVector":"OifLVH8Fkgl4LDKBkpTKeo.2","action":"ProcessGetUpdates", "result":"Done", "context":{"dataType":"Passwords", "deleted":"0", "process_failed_to_decrypt":"0", "process_pending_decryption":"0", "process_success":"3", "total":"3"}}
{"logTime": "1107/011158", "correlationVector":"OifLVH8Fkgl4LDKBkpTKeo.3","action":"GetUpdates Response", "result":"Success", "context":Received 3 update(s). cV=OifLVH8Fkgl4LDKBkpTKeo.0;server=akswtt22000003o;cloudType=Consumer;environment=Prod_brazilsouth_prod-s01-001-sam-brazilsouth;migrationStage=NotStarted}
{"logTime": "1107/011158", "correlationVector":"HhNd49UADX9+JuZ97c+Tsp","action":"Initial GetUpdates", "result":"", "context":Reason: NEWLY_SUPPORTED_DATATYPE. cV=HhNd49UADX9+JuZ97c+Tsp}
{"logTime": "1107/011159", "correlationVector":"HhNd49UADX9+JuZ97c+Tsp.1","action":"SyncServerConnectionManagerRequest", "result":"SYNC_SERVER_OK", "context":{"environment":"Prod_brazilsouth_prod-s01-001-sam-brazilsouth", "migrationStage":"NotStarted", "server":"akswtt22000003t"}}
{"logTime": "1107/011159", "correlationVector":"HhNd49UADX9+JuZ97c+Tsp.2","action":"ProcessGetUpdates", "result":"Done", "context":{"dataType":"Bookmarks", "deleted":"0", "process_failed_to_decrypt":"0", "process_pending_decryption":"0", "process_success":"6", "total":"6"}}
{"logTime": "1107/011159", "correlationVector":"HhNd49UADX9+JuZ97c+Tsp.3","action":"GetUpdates Response", "result":"Success", "context":Received 6 update(s). cV=HhNd49UADX9+JuZ97c+Tsp.0;server=akswtt22000003t;cloudType=Consumer;environment=Prod_brazilsouth_prod-s01-001-sam-brazilsouth;migrationStage=NotStarted}
{"logTime": "1107/011159", "correlationVector":"3R3oCDyw7uLwJisLUf2ywI","action":"Normal GetUpdate request", "result":"", "context":cV=3R3oCDyw7uLwJisLUf2ywI
Nudged types: Sessions, Device Info, History
Refresh requested types: Bookmarks, Preferences, Passwords, Autofill Profiles, Autofill, Extensions, Sessions, Extension settings, History Delete Directives, Device Info, User Consents, Send Tab To Self, Web Apps, History, Saved Tab Group, WebAuthn Credentials, Collection, Edge E Drop, Edge Hub App Usage, Edge Wallet, Encryption Keys}
{"logTime": "1107/011159", "correlationVector":"3R3oCDyw7uLwJisLUf2ywI.1","action":"SyncServerConnectionManagerRequest", "result":"SYNC_SERVER_OK", "context":{"environment":"Prod_brazilsouth_prod-s01-001-sam-brazilsouth", "migrationStage":"NotStarted", "server":"akswtt22000003c"}}
{"logTime": "1107/011159", "correlationVector":"3R3oCDyw7uLwJisLUf2ywI.2","action":"ProcessGetUpdates", "result":"Done", "context":{"dataType":"Preferences", "deleted":"0", "process_failed_to_decrypt":"0", "process_pending_decryption":"0", "process_success":"1", "total":"1"}}
{"logTime": "1107/011159", "correlationVector":"3R3oCDyw7uLwJisLUf2ywI.3","action":"ProcessGetUpdates", "result":"Done", "context":{"dataType":"Sessions", "deleted":"3", "process_failed_to_decrypt":"0", "process_pending_decryption":"0", "process_success":"6", "total":"6"}}
{"logTime": "1107/011159", "correlationVector":"3R3oCDyw7uLwJisLUf2ywI.4","action":"ProcessGetUpdates", "result":"Done", "context":{"dataType":"Device Info", "deleted":"0", "process_failed_to_decrypt":"0", "process_pending_decryption":"0", "process_success":"1", "total":"1"}}
{"logTime": "1107/011159", "correlationVector":"3R3oCDyw7uLwJisLUf2ywI.5","action":"ProcessGetUpdates", "result":"Done", "context":{"dataType":"History", "deleted":"0", "process_failed_to_decrypt":"0", "process_pending_decryption":"0", "process_success":"31", "total":"31"}}
{"logTime": "1107/011159", "correlationVector":"3R3oCDyw7uLwJisLUf2ywI.6","action":"ProcessGetUpdates", "result":"Done", "context":{"dataType":"Edge Hub App Usage", "deleted":"0", "process_failed_to_decrypt":"0", "process_pending_decryption":"0", "process_success":"1", "total":"1"}}
{"logTime": "1107/011159", "correlationVector":"3R3oCDyw7uLwJisLUf2ywI.7","action":"GetUpdates Response", "result":"Success", "context":Received 40 update(s). cV=3R3oCDyw7uLwJisLUf2ywI.0;server=akswtt22000003c;cloudType=Consumer;environment=Prod_brazilsouth_prod-s01-001-sam-brazilsouth;migrationStage=NotStarted}
{"logTime": "1107/011159", "correlationVector":"j6EQTmsHumO2cCE3t2mSg2","action":"Commit Request", "result":"", "context":Item count: 2
Contributing types: History}
{"logTime": "1107/011200", "correlationVector":"j6EQTmsHumO2cCE3t2mSg2.1","action":"SyncServerConnectionManagerRequest", "result":"SYNC_SERVER_OK", "context":{"environment":"Prod_brazilsouth_prod-s01-001-sam-brazilsouth", "migrationStage":"NotStarted", "server":"akswtt22000000p"}}
{"logTime": "1107/011200", "correlationVector":"j6EQTmsHumO2cCE3t2mSg2.2","action":"Commit Response", "result":"Success", "context":Result: Success. cV=j6EQTmsHumO2cCE3t2mSg2.0;server=akswtt22000000p;cloudType=Consumer;environment=Prod_brazilsouth_prod-s01-001-sam-brazilsouth;migrationStage=NotStarted}
{"logTime": "1107/011200", "correlationVector":"z9actpXWPwbQtA3G1P6kRx","action":"Poll GetUpdate request", "result":"", "context":cV=z9actpXWPwbQtA3G1P6kRx}
{"logTime": "1107/011200", "correlationVector":"z9actpXWPwbQtA3G1P6kRx.1","action":"SyncServerConnectionManagerRequest", "result":"SYNC_SERVER_OK", "context":{"environment":"Prod_brazilsouth_prod-s01-001-sam-brazilsouth", "migrationStage":"NotStarted", "server":"akswtt220000043"}}
{"logTime": "1107/011200", "correlationVector":"z9actpXWPwbQtA3G1P6kRx.2","action":"ProcessGetUpdates", "result":"Done", "context":{"dataType":"History", "deleted":"0", "process_failed_to_decrypt":"0", "process_pending_decryption":"0", "process_success":"2", "total":"2"}}
{"logTime": "1107/011200", "correlationVector":"z9actpXWPwbQtA3G1P6kRx.3","action":"GetUpdates Response", "result":"Success", "context":Received 2 update(s). cV=z9actpXWPwbQtA3G1P6kRx.0;server=akswtt220000043;cloudType=Consumer;environment=Prod_brazilsouth_prod-s01-001-sam-brazilsouth;migrationStage=NotStarted}
{"logTime": "1107/011300", "correlationVector":"UK+4TDXgzFLsWfL7PCZIOp","action":"Commit Request", "result":"", "context":Item count: 6
Contributing types: Sessions, History}
{"logTime": "1107/011301", "correlationVector":"UK+4TDXgzFLsWfL7PCZIOp.1","action":"SyncServerConnectionManagerRequest", "result":"SYNC_SERVER_OK", "context":{"environment":"Prod_brazilsouth_prod-s01-034-sam-brazilsouth", "migrationStage":"NotStarted", "server":"akswtt016000013"}}
{"logTime": "1107/011301", "correlationVector":"UK+4TDXgzFLsWfL7PCZIOp.2","action":"Commit Response", "result":"Success", "context":Result: Success. cV=UK+4TDXgzFLsWfL7PCZIOp.0;server=akswtt016000013;cloudType=Consumer;environment=Prod_brazilsouth_prod-s01-034-sam-brazilsouth;migrationStage=NotStarted}
{"logTime": "1107/011309", "correlationVector":"L/Vk9U4//qmD3YxikeggUZ","action":"Commit Request", "result":"", "context":Item count: 1
Contributing types: Device Info}
{"logTime": "1107/011309", "correlationVector":"L/Vk9U4//qmD3YxikeggUZ.1","action":"SyncServerConnectionManagerRequest", "result":"SYNC_SERVER_OK", "context":{"environment":"Prod_brazilsouth_prod-s01-034-sam-brazilsouth", "migrationStage":"NotStarted", "server":"akswtt016000032"}}
{"logTime": "1107/011309", "correlationVector":"L/Vk9U4//qmD3YxikeggUZ.2","action":"Commit Response", "result":"Success", "context":Result: Success. cV=L/Vk9U4//qmD3YxikeggUZ.0;server=akswtt016000032;cloudType=Consumer;environment=Prod_brazilsouth_prod-s01-034-sam-brazilsouth;migrationStage=NotStarted}
{"logTime": "1107/011817", "correlationVector":"GBfUnMwlmHDKn59fIFp1OA.1","action":"SyncServerConnectionManagerRequest", "result":"SYNC_SERVER_OK", "context":{"environment":"Prod_brazilsouth_prod-s01-001-sam-brazilsouth", "migrationStage":"NotStarted", "server":"akswtt220000031"}}
{"logTime": "1107/011817", "correlationVector":"GBfUnMwlmHDKn59fIFp1OA.2","action":"ProcessGetUpdates", "result":"Done", "context":{"dataType":"Encryption Keys", "deleted":"0", "process_failed_to_decrypt":"0", "process_pending_decryption":"0", "process_success":"1", "total":"1"}}
{"logTime": "1107/011818", "correlationVector":"bj0gWEdNw9lp8Vfr7bXcPk","action":"SyncServerConnectionManagerRequest", "result":"SYNC_SERVER_OK", "context":{"environment":"", "migrationStage":"", "server":""}}
{"logTime": "1107/011818", "correlationVector":"bj0gWEdNw9lp8Vfr7bXcPk.0","action":"EncryptionKeysFetcher.DownloadKeys:", "result":"Success", "context":Key count: 10, Last key timestamp: 2025-09-18T03:17:27Z}
{"logTime": "1107/011818", "correlationVector":"bj0gWEdNw9lp8Vfr7bXcPk.1","action":"EncryptionKeysManager::SetEncryptionKeys:", "result":"Success", "context":Key names[10]:[Q04puILP8hte084TW5tkXiW1XkLPLu6Guk8QOpGaQbfa07qCG+g/yCESjOGrtm+EPy+eR8eyxn1bYGoqj5Dt2Q==][y2oJTKIcw8bE/1J23Kx2xTOAh6eX1vlsy0eIIKqgUe7X05QIRTcBtv8rJlC6JMjyJSZCar17ECqLhtnKwVn+jg==][WCtB5hDNToctgwtNxmT10oDV34WjLJEYQTm+t3rPuBf5Pxybg2d6r687iFH0ymNFwnSOjchk+RUdZucp+9gn8g==][QoD7srY8ZmTa0DQhXrhzE55PemLfunN+SKGmjRj9sXORyVxrZBiTCX7MzsK1GMaQ9k0aGP3pCirvlXvKm46wMg==][nv+sacBknQqqBneYrv+a3d7crUBiiCEQFoL97qr/B/Lwh3aoDKiOa0KUgcewgWuhvjzsZ/bsh8r5KNb9E+gQeQ==][jk0KpaNJjHDIITwkvORbvWgjY5BPElt5AH2/4KDvMcmS7n7tIvJZVOCdMn95JBe2dr5xEpCD5AHTRMaKDybNNw==][w5wGoJY7ro5akVgGlfE7F0tz+JaFh+dRWNgJWwLykuaFxlCUAhxM9E1AfSYxoFns5esDW5Kvj2GCiJxXr1r/XQ==][2hygVXAZcVa6vn65ry9BbCVbaTeD22fUHzUr6s/gHUvCKg2JlOp2mGN7CTLIDUeJsK5INVGt1NmJI4m13isP8g==][SQKwZYipScuq5FsQBTUjwyLWQaZDrRTFawyRkQ5FhV7s03br+SN9npGXwjrmQ0Yt5OkPHUVca8QbnZQx0M67fw==][MolvjpALDjdPruk74V/AmiDRilbdoCD+4dUYZYCqZjRkV/3YO5DMOnK36g1TT8/y7U3ZJRfNjkJnTQ9QNDMUzw==]}
{"logTime": "1107/011818", "correlationVector":"bj0gWEdNw9lp8Vfr7bXcPk.2","action":"EncryptionKeysManager::SetEncryptionKeysWithTimestamps:", "result":"Success", "context":Key timestamps[10]:[2021-07-23T23:20:03Z][2022-01-23T21:32:17Z][2022-07-23T02:03:44Z][2023-01-24T17:02:49Z][2023-02-20T21:01:36Z][2023-09-26T15:15:22Z][2024-04-21T18:53:55Z][2025-04-05T15:53:45Z][2025-08-07T22:08:27Z][2025-09-18T03:17:27Z]}
{"logTime": "1107/011818", "correlationVector":"GBfUnMwlmHDKn59fIFp1OA","action":"Initial GetUpdates", "result":"", "context":Reason: NEW_CLIENT. cV=GBfUnMwlmHDKn59fIFp1OA}
{"logTime": "1107/011818", "correlationVector":"GBfUnMwlmHDKn59fIFp1OA.3","action":"GetUpdates Response", "result":"Success", "context":Received 1 update(s). cV=GBfUnMwlmHDKn59fIFp1OA.0;server=akswtt220000031;cloudType=Consumer;environment=Prod_brazilsouth_prod-s01-001-sam-brazilsouth;migrationStage=NotStarted}
{"logTime": "1107/011818", "correlationVector":"d6FGGnl1QKE2RUEUH6RJic","action":"Initial GetUpdates", "result":"", "context":Reason: NEWLY_SUPPORTED_DATATYPE. cV=d6FGGnl1QKE2RUEUH6RJic}
{"logTime": "1107/011819", "correlationVector":"d6FGGnl1QKE2RUEUH6RJic.1","action":"SyncServerConnectionManagerRequest", "result":"SYNC_SERVER_OK", "context":{"environment":"Prod_brazilsouth_prod-s01-001-sam-brazilsouth", "migrationStage":"NotStarted", "server":"akswtt22000003p"}}
{"logTime": "1107/011819", "correlationVector":"d6FGGnl1QKE2RUEUH6RJic.2","action":"ProcessGetUpdates", "result":"Done", "context":{"dataType":"Passwords", "deleted":"0", "process_failed_to_decrypt":"0", "process_pending_decryption":"0", "process_success":"3", "total":"3"}}
{"logTime": "1107/011819", "correlationVector":"d6FGGnl1QKE2RUEUH6RJic.3","action":"GetUpdates Response", "result":"Success", "context":Received 3 update(s). cV=d6FGGnl1QKE2RUEUH6RJic.0;server=akswtt22000003p;cloudType=Consumer;environment=Prod_brazilsouth_prod-s01-001-sam-brazilsouth;migrationStage=NotStarted}
{"logTime": "1107/011819", "correlationVector":"xnB5jZxjJ6Em0qD+fsthHL","action":"Normal GetUpdate request", "result":"", "context":cV=xnB5jZxjJ6Em0qD+fsthHL
Nudged types: Sessions, Device Info, History
Refresh requested types: Bookmarks, Preferences, Passwords, Autofill Profiles, Autofill, Extensions, Sessions, Extension settings, History Delete Directives, Device Info, User Consents, Send Tab To Self, Web Apps, History, Saved Tab Group, WebAuthn Credentials, Collection, Edge E Drop, Edge Hub App Usage, Edge Wallet, Encryption Keys}
{"logTime": "1107/011819", "correlationVector":"xnB5jZxjJ6Em0qD+fsthHL.1","action":"SyncServerConnectionManagerRequest", "result":"SYNC_SERVER_OK", "context":{"environment":"Prod_brazilsouth_prod-s01-001-sam-brazilsouth", "migrationStage":"NotStarted", "server":"akswtt22000002k"}}
{"logTime": "1107/011819", "correlationVector":"xnB5jZxjJ6Em0qD+fsthHL.2","action":"ProcessGetUpdates", "result":"Done", "context":{"dataType":"Sessions", "deleted":"0", "process_failed_to_decrypt":"0", "process_pending_decryption":"0", "process_success":"2", "total":"2"}}
{"logTime": "1107/011819", "correlationVector":"xnB5jZxjJ6Em0qD+fsthHL.3","action":"ProcessGetUpdates", "result":"Done", "context":{"dataType":"Device Info", "deleted":"0", "process_failed_to_decrypt":"0", "process_pending_decryption":"0", "process_success":"1", "total":"1"}}
{"logTime": "1107/011819", "correlationVector":"xnB5jZxjJ6Em0qD+fsthHL.4","action":"ProcessGetUpdates", "result":"Done", "context":{"dataType":"History", "deleted":"0", "process_failed_to_decrypt":"0", "process_pending_decryption":"0", "process_success":"4", "total":"4"}}
{"logTime": "1107/011819", "correlationVector":"xnB5jZxjJ6Em0qD+fsthHL.5","action":"GetUpdates Response", "result":"Success", "context":Received 7 update(s). cV=xnB5jZxjJ6Em0qD+fsthHL.0;server=akswtt22000002k;cloudType=Consumer;environment=Prod_brazilsouth_prod-s01-001-sam-brazilsouth;migrationStage=NotStarted}
{"logTime": "1107/011819", "correlationVector":"Wd4L3ooAXZUS3QrXkd2Adx","action":"Commit Request", "result":"", "context":Item count: 9
Contributing types: Sessions, Device Info, History}
{"logTime": "1107/011820", "correlationVector":"Wd4L3ooAXZUS3QrXkd2Adx.1","action":"SyncServerConnectionManagerRequest", "result":"SYNC_SERVER_OK", "context":{"environment":"Prod_brazilsouth_prod-s01-001-sam-brazilsouth", "migrationStage":"NotStarted", "server":"akswtt22000003r"}}
{"logTime": "1107/011820", "correlationVector":"Wd4L3ooAXZUS3QrXkd2Adx.2","action":"Commit Response", "result":"Success", "context":Result: Success. cV=Wd4L3ooAXZUS3QrXkd2Adx.0;server=akswtt22000003r;cloudType=Consumer;environment=Prod_brazilsouth_prod-s01-001-sam-brazilsouth;migrationStage=NotStarted}
{"logTime": "1107/012016", "correlationVector":"BAF/gC5sfuPh7I1istGObv.1","action":"SyncServerConnectionManagerRequest", "result":"SYNC_SERVER_OK", "context":{"environment":"Prod_brazilsouth_prod-s01-001-sam-brazilsouth", "migrationStage":"NotStarted", "server":"akswtt22000001o"}}
{"logTime": "1107/012016", "correlationVector":"BAF/gC5sfuPh7I1istGObv.2","action":"ProcessGetUpdates", "result":"Done", "context":{"dataType":"Encryption Keys", "deleted":"0", "process_failed_to_decrypt":"0", "process_pending_decryption":"0", "process_success":"1", "total":"1"}}
{"logTime": "1107/012017", "correlationVector":"PwjJR8eH3BXfqxR+O2rfyE","action":"SyncServerConnectionManagerRequest", "result":"SYNC_SERVER_OK", "context":{"environment":"", "migrationStage":"", "server":""}}
{"logTime": "1107/012017", "correlationVector":"PwjJR8eH3BXfqxR+O2rfyE.0","action":"EncryptionKeysFetcher.DownloadKeys:", "result":"Success", "context":Key count: 10, Last key timestamp: 2025-09-18T03:17:27Z}
{"logTime": "1107/012017", "correlationVector":"PwjJR8eH3BXfqxR+O2rfyE.1","action":"EncryptionKeysManager::SetEncryptionKeys:", "result":"Success", "context":Key names[10]:[Q04puILP8hte084TW5tkXiW1XkLPLu6Guk8QOpGaQbfa07qCG+g/yCESjOGrtm+EPy+eR8eyxn1bYGoqj5Dt2Q==][y2oJTKIcw8bE/1J23Kx2xTOAh6eX1vlsy0eIIKqgUe7X05QIRTcBtv8rJlC6JMjyJSZCar17ECqLhtnKwVn+jg==][WCtB5hDNToctgwtNxmT10oDV34WjLJEYQTm+t3rPuBf5Pxybg2d6r687iFH0ymNFwnSOjchk+RUdZucp+9gn8g==][QoD7srY8ZmTa0DQhXrhzE55PemLfunN+SKGmjRj9sXORyVxrZBiTCX7MzsK1GMaQ9k0aGP3pCirvlXvKm46wMg==][nv+sacBknQqqBneYrv+a3d7crUBiiCEQFoL97qr/B/Lwh3aoDKiOa0KUgcewgWuhvjzsZ/bsh8r5KNb9E+gQeQ==][jk0KpaNJjHDIITwkvORbvWgjY5BPElt5AH2/4KDvMcmS7n7tIvJZVOCdMn95JBe2dr5xEpCD5AHTRMaKDybNNw==][w5wGoJY7ro5akVgGlfE7F0tz+JaFh+dRWNgJWwLykuaFxlCUAhxM9E1AfSYxoFns5esDW5Kvj2GCiJxXr1r/XQ==][2hygVXAZcVa6vn65ry9BbCVbaTeD22fUHzUr6s/gHUvCKg2JlOp2mGN7CTLIDUeJsK5INVGt1NmJI4m13isP8g==][SQKwZYipScuq5FsQBTUjwyLWQaZDrRTFawyRkQ5FhV7s03br+SN9npGXwjrmQ0Yt5OkPHUVca8QbnZQx0M67fw==][MolvjpALDjdPruk74V/AmiDRilbdoCD+4dUYZYCqZjRkV/3YO5DMOnK36g1TT8/y7U3ZJRfNjkJnTQ9QNDMUzw==]}
{"logTime": "1107/012017", "correlationVector":"PwjJR8eH3BXfqxR+O2rfyE.2","action":"EncryptionKeysManager::SetEncryptionKeysWithTimestamps:", "result":"Success", "context":Key timestamps[10]:[2021-07-23T23:20:03Z][2022-01-23T21:32:17Z][2022-07-23T02:03:44Z][2023-01-24T17:02:49Z][2023-02-20T21:01:36Z][2023-09-26T15:15:22Z][2024-04-21T18:53:55Z][2025-04-05T15:53:45Z][2025-08-07T22:08:27Z][2025-09-18T03:17:27Z]}
{"logTime": "1107/012017", "correlationVector":"BAF/gC5sfuPh7I1istGObv","action":"Initial GetUpdates", "result":"", "context":Reason: NEW_CLIENT. cV=BAF/gC5sfuPh7I1istGObv}
{"logTime": "1107/012017", "correlationVector":"BAF/gC5sfuPh7I1istGObv.3","action":"GetUpdates Response", "result":"Success", "context":Received 1 update(s). cV=BAF/gC5sfuPh7I1istGObv.0;server=akswtt22000001o;cloudType=Consumer;environment=Prod_brazilsouth_prod-s01-001-sam-brazilsouth;migrationStage=NotStarted}
{"logTime": "1107/012017", "correlationVector":"m3WM9zLpkFMv0z7YRTTfFj","action":"Initial GetUpdates", "result":"", "context":Reason: NEWLY_SUPPORTED_DATATYPE. cV=m3WM9zLpkFMv0z7YRTTfFj}
{"logTime": "1107/012017", "correlationVector":"m3WM9zLpkFMv0z7YRTTfFj.1","action":"SyncServerConnectionManagerRequest", "result":"SYNC_SERVER_OK", "context":{"environment":"Prod_brazilsouth_prod-s01-001-sam-brazilsouth", "migrationStage":"NotStarted", "server":"akswtt220000034"}}
{"logTime": "1107/012017", "correlationVector":"m3WM9zLpkFMv0z7YRTTfFj.2","action":"ProcessGetUpdates", "result":"Done", "context":{"dataType":"Passwords", "deleted":"0", "process_failed_to_decrypt":"0", "process_pending_decryption":"0", "process_success":"3", "total":"3"}}
{"logTime": "1107/012017", "correlationVector":"m3WM9zLpkFMv0z7YRTTfFj.3","action":"GetUpdates Response", "result":"Success", "context":Received 3 update(s). cV=m3WM9zLpkFMv0z7YRTTfFj.0;server=akswtt220000034;cloudType=Consumer;environment=Prod_brazilsouth_prod-s01-001-sam-brazilsouth;migrationStage=NotStarted}
{"logTime": "1107/012017", "correlationVector":"cbr5t+IeEcVjrxgWAPuke+","action":"Normal GetUpdate request", "result":"", "context":cV=cbr5t+IeEcVjrxgWAPuke+
Nudged types: Sessions, Device Info, History
Refresh requested types: Bookmarks, Preferences, Passwords, Autofill Profiles, Autofill, Extensions, Sessions, Extension settings, History Delete Directives, Device Info, User Consents, Send Tab To Self, Web Apps, History, Saved Tab Group, WebAuthn Credentials, Collection, Edge E Drop, Edge Hub App Usage, Edge Wallet, Encryption Keys}
{"logTime": "1107/012017", "correlationVector":"cbr5t+IeEcVjrxgWAPuke+.1","action":"SyncServerConnectionManagerRequest", "result":"SYNC_SERVER_OK", "context":{"environment":"Prod_brazilsouth_prod-s01-001-sam-brazilsouth", "migrationStage":"NotStarted", "server":"akswtt220000043"}}
{"logTime": "1107/012017", "correlationVector":"cbr5t+IeEcVjrxgWAPuke+.2","action":"ProcessGetUpdates", "result":"Done", "context":{"dataType":"Sessions", "deleted":"0", "process_failed_to_decrypt":"0", "process_pending_decryption":"0", "process_success":"3", "total":"3"}}
{"logTime": "1107/012017", "correlationVector":"cbr5t+IeEcVjrxgWAPuke+.3","action":"ProcessGetUpdates", "result":"Done", "context":{"dataType":"Device Info", "deleted":"0", "process_failed_to_decrypt":"0", "process_pending_decryption":"0", "process_success":"1", "total":"1"}}
{"logTime": "1107/012017", "correlationVector":"cbr5t+IeEcVjrxgWAPuke+.4","action":"ProcessGetUpdates", "result":"Done", "context":{"dataType":"History", "deleted":"0", "process_failed_to_decrypt":"0", "process_pending_decryption":"0", "process_success":"5", "total":"5"}}
{"logTime": "1107/012017", "correlationVector":"cbr5t+IeEcVjrxgWAPuke+.5","action":"GetUpdates Response", "result":"Success", "context":Received 9 update(s). cV=cbr5t+IeEcVjrxgWAPuke+.0;server=akswtt220000043;cloudType=Consumer;environment=Prod_brazilsouth_prod-s01-001-sam-brazilsouth;migrationStage=NotStarted}
{"logTime": "1107/012017", "correlationVector":"bg6jiVlFkPMQyVAoLeSrR4","action":"Commit Request", "result":"", "context":Item count: 9
Contributing types: Sessions, Device Info, History}
{"logTime": "1107/012019", "correlationVector":"bg6jiVlFkPMQyVAoLeSrR4.1","action":"SyncServerConnectionManagerRequest", "result":"SYNC_SERVER_OK", "context":{"environment":"Prod_brazilsouth_prod-s01-001-sam-brazilsouth", "migrationStage":"NotStarted", "server":"akswtt22000003f"}}
{"logTime": "1107/012019", "correlationVector":"bg6jiVlFkPMQyVAoLeSrR4.2","action":"Commit Response", "result":"Success", "context":Result: Success. cV=bg6jiVlFkPMQyVAoLeSrR4.0;server=akswtt22000003f;cloudType=Consumer;environment=Prod_brazilsouth_prod-s01-001-sam-brazilsouth;migrationStage=NotStarted}
{"logTime": "1107/012120", "correlationVector":"CIRc9FUXwq3MMU/5278Wba","action":"Commit Request", "result":"", "context":Item count: 6
Contributing types: Sessions, History}
{"logTime": "1107/012121", "correlationVector":"CIRc9FUXwq3MMU/5278Wba.1","action":"SyncServerConnectionManagerRequest", "result":"SYNC_SERVER_OK", "context":{"environment":"Prod_brazilsouth_prod-s01-001-sam-brazilsouth", "migrationStage":"NotStarted", "server":"akswtt220000036"}}
{"logTime": "1107/012121", "correlationVector":"CIRc9FUXwq3MMU/5278Wba.3","action":"Commit.Sessions", "result":"Success", "context":{"id":"f9e9e469-edbc-4b8b-8502-f708cb161013", "isDeleted":"true", "size":"0", "version":"1762478417794"}}
{"logTime": "1107/012121", "correlationVector":"CIRc9FUXwq3MMU/5278Wba.2","action":"Commit Response", "result":"Success", "context":Result: Success. cV=CIRc9FUXwq3MMU/5278Wba.0;server=akswtt220000036;cloudType=Consumer;environment=Prod_brazilsouth_prod-s01-001-sam-brazilsouth;migrationStage=NotStarted}
{"logTime": "1107/012338", "correlationVector":"sp7IzXU3dC9pKKocuLVcaB.1","action":"SyncServerConnectionManagerRequest", "result":"SYNC_SERVER_OK", "context":{"environment":"Prod_brazilsouth_prod-s01-001-sam-brazilsouth", "migrationStage":"NotStarted", "server":"akswtt220000044"}}
{"logTime": "1107/012338", "correlationVector":"sp7IzXU3dC9pKKocuLVcaB.2","action":"ProcessGetUpdates", "result":"Done", "context":{"dataType":"Encryption Keys", "deleted":"0", "process_failed_to_decrypt":"0", "process_pending_decryption":"0", "process_success":"1", "total":"1"}}
{"logTime": "1107/012339", "correlationVector":"//oH2J1AaG71dpStjp5CMe","action":"SyncServerConnectionManagerRequest", "result":"SYNC_SERVER_OK", "context":{"environment":"", "migrationStage":"", "server":""}}
{"logTime": "1107/012339", "correlationVector":"//oH2J1AaG71dpStjp5CMe.0","action":"EncryptionKeysFetcher.DownloadKeys:", "result":"Success", "context":Key count: 10, Last key timestamp: 2025-09-18T03:17:27Z}
{"logTime": "1107/012339", "correlationVector":"//oH2J1AaG71dpStjp5CMe.1","action":"EncryptionKeysManager::SetEncryptionKeys:", "result":"Success", "context":Key names[10]:[Q04puILP8hte084TW5tkXiW1XkLPLu6Guk8QOpGaQbfa07qCG+g/yCESjOGrtm+EPy+eR8eyxn1bYGoqj5Dt2Q==][y2oJTKIcw8bE/1J23Kx2xTOAh6eX1vlsy0eIIKqgUe7X05QIRTcBtv8rJlC6JMjyJSZCar17ECqLhtnKwVn+jg==][WCtB5hDNToctgwtNxmT10oDV34WjLJEYQTm+t3rPuBf5Pxybg2d6r687iFH0ymNFwnSOjchk+RUdZucp+9gn8g==][QoD7srY8ZmTa0DQhXrhzE55PemLfunN+SKGmjRj9sXORyVxrZBiTCX7MzsK1GMaQ9k0aGP3pCirvlXvKm46wMg==][nv+sacBknQqqBneYrv+a3d7crUBiiCEQFoL97qr/B/Lwh3aoDKiOa0KUgcewgWuhvjzsZ/bsh8r5KNb9E+gQeQ==][jk0KpaNJjHDIITwkvORbvWgjY5BPElt5AH2/4KDvMcmS7n7tIvJZVOCdMn95JBe2dr5xEpCD5AHTRMaKDybNNw==][w5wGoJY7ro5akVgGlfE7F0tz+JaFh+dRWNgJWwLykuaFxlCUAhxM9E1AfSYxoFns5esDW5Kvj2GCiJxXr1r/XQ==][2hygVXAZcVa6vn65ry9BbCVbaTeD22fUHzUr6s/gHUvCKg2JlOp2mGN7CTLIDUeJsK5INVGt1NmJI4m13isP8g==][SQKwZYipScuq5FsQBTUjwyLWQaZDrRTFawyRkQ5FhV7s03br+SN9npGXwjrmQ0Yt5OkPHUVca8QbnZQx0M67fw==][MolvjpALDjdPruk74V/AmiDRilbdoCD+4dUYZYCqZjRkV/3YO5DMOnK36g1TT8/y7U3ZJRfNjkJnTQ9QNDMUzw==]}
{"logTime": "1107/012339", "correlationVector":"//oH2J1AaG71dpStjp5CMe.2","action":"EncryptionKeysManager::SetEncryptionKeysWithTimestamps:", "result":"Success", "context":Key timestamps[10]:[2021-07-23T23:20:03Z][2022-01-23T21:32:17Z][2022-07-23T02:03:44Z][2023-01-24T17:02:49Z][2023-02-20T21:01:36Z][2023-09-26T15:15:22Z][2024-04-21T18:53:55Z][2025-04-05T15:53:45Z][2025-08-07T22:08:27Z][2025-09-18T03:17:27Z]}
{"logTime": "1107/012339", "correlationVector":"sp7IzXU3dC9pKKocuLVcaB","action":"Initial GetUpdates", "result":"", "context":Reason: NEW_CLIENT. cV=sp7IzXU3dC9pKKocuLVcaB}
{"logTime": "1107/012339", "correlationVector":"sp7IzXU3dC9pKKocuLVcaB.3","action":"GetUpdates Response", "result":"Success", "context":Received 1 update(s). cV=sp7IzXU3dC9pKKocuLVcaB.0;server=akswtt220000044;cloudType=Consumer;environment=Prod_brazilsouth_prod-s01-001-sam-brazilsouth;migrationStage=NotStarted}
{"logTime": "1107/012339", "correlationVector":"LwF+dxnlF8vw4cf7/bRVhX","action":"Initial GetUpdates", "result":"", "context":Reason: NEWLY_SUPPORTED_DATATYPE. cV=LwF+dxnlF8vw4cf7/bRVhX}
{"logTime": "1107/012339", "correlationVector":"LwF+dxnlF8vw4cf7/bRVhX.1","action":"SyncServerConnectionManagerRequest", "result":"SYNC_SERVER_OK", "context":{"environment":"Prod_brazilsouth_prod-s01-001-sam-brazilsouth", "migrationStage":"NotStarted", "server":"akswtt22000003i"}}
{"logTime": "1107/012339", "correlationVector":"LwF+dxnlF8vw4cf7/bRVhX.2","action":"ProcessGetUpdates", "result":"Done", "context":{"dataType":"Passwords", "deleted":"0", "process_failed_to_decrypt":"0", "process_pending_decryption":"0", "process_success":"3", "total":"3"}}
{"logTime": "1107/012339", "correlationVector":"LwF+dxnlF8vw4cf7/bRVhX.3","action":"GetUpdates Response", "result":"Success", "context":Received 3 update(s). cV=LwF+dxnlF8vw4cf7/bRVhX.0;server=akswtt22000003i;cloudType=Consumer;environment=Prod_brazilsouth_prod-s01-001-sam-brazilsouth;migrationStage=NotStarted}
{"logTime": "1107/012339", "correlationVector":"azB3W1XV0OgRPqRAWi36Ng","action":"Normal GetUpdate request", "result":"", "context":cV=azB3W1XV0OgRPqRAWi36Ng
Nudged types: Sessions, Device Info, History
Refresh requested types: Bookmarks, Preferences, Passwords, Autofill Profiles, Autofill, Extensions, Sessions, Extension settings, History Delete Directives, Device Info, User Consents, Send Tab To Self, Web Apps, History, Saved Tab Group, WebAuthn Credentials, Collection, Edge E Drop, Edge Hub App Usage, Edge Wallet, Encryption Keys}
{"logTime": "1107/012340", "correlationVector":"azB3W1XV0OgRPqRAWi36Ng.1","action":"SyncServerConnectionManagerRequest", "result":"SYNC_SERVER_OK", "context":{"environment":"Prod_brazilsouth_prod-s01-001-sam-brazilsouth", "migrationStage":"NotStarted", "server":"akswtt22000003i"}}
{"logTime": "1107/012340", "correlationVector":"azB3W1XV0OgRPqRAWi36Ng.2","action":"ProcessGetUpdates", "result":"Done", "context":{"dataType":"Sessions", "deleted":"1", "process_failed_to_decrypt":"0", "process_pending_decryption":"0", "process_success":"3", "total":"3"}}
{"logTime": "1107/012340", "correlationVector":"azB3W1XV0OgRPqRAWi36Ng.3","action":"ProcessGetUpdates", "result":"Done", "context":{"dataType":"Device Info", "deleted":"0", "process_failed_to_decrypt":"0", "process_pending_decryption":"0", "process_success":"1", "total":"1"}}
{"logTime": "1107/012340", "correlationVector":"azB3W1XV0OgRPqRAWi36Ng.4","action":"ProcessGetUpdates", "result":"Done", "context":{"dataType":"History", "deleted":"0", "process_failed_to_decrypt":"0", "process_pending_decryption":"0", "process_success":"8", "total":"8"}}
{"logTime": "1107/012340", "correlationVector":"azB3W1XV0OgRPqRAWi36Ng.5","action":"GetUpdates Response", "result":"Success", "context":Received 12 update(s). cV=azB3W1XV0OgRPqRAWi36Ng.0;server=akswtt22000003i;cloudType=Consumer;environment=Prod_brazilsouth_prod-s01-001-sam-brazilsouth;migrationStage=NotStarted}
{"logTime": "1107/012340", "correlationVector":"yJCU4o/tfYtB/VN3XhwFO/","action":"Commit Request", "result":"", "context":Item count: 5
Contributing types: Sessions, Device Info, History}
{"logTime": "1107/012341", "correlationVector":"yJCU4o/tfYtB/VN3XhwFO/.1","action":"SyncServerConnectionManagerRequest", "result":"SYNC_SERVER_OK", "context":{"environment":"Prod_brazilsouth_prod-s01-001-sam-brazilsouth", "migrationStage":"NotStarted", "server":"akswtt220000031"}}
{"logTime": "1107/012341", "correlationVector":"yJCU4o/tfYtB/VN3XhwFO/.3","action":"Commit.Sessions", "result":"Success", "context":{"id":"b68d3b51-b467-4b94-8da3-3b402b05e32e", "isDeleted":"true", "size":"0", "version":"1762478480213"}}
{"logTime": "1107/012341", "correlationVector":"yJCU4o/tfYtB/VN3XhwFO/.2","action":"Commit Response", "result":"Success", "context":Result: Success. cV=yJCU4o/tfYtB/VN3XhwFO/.0;server=akswtt220000031;cloudType=Consumer;environment=Prod_brazilsouth_prod-s01-001-sam-brazilsouth;migrationStage=NotStarted}
{"logTime": "1107/012442", "correlationVector":"PiYs0W5iOaPUxVcSqsY6pp","action":"Commit Request", "result":"", "context":Item count: 5
Contributing types: Sessions, History}
{"logTime": "1107/012443", "correlationVector":"PiYs0W5iOaPUxVcSqsY6pp.1","action":"SyncServerConnectionManagerRequest", "result":"SYNC_SERVER_OK", "context":{"environment":"Prod_brazilsouth_prod-s01-001-sam-brazilsouth", "migrationStage":"NotStarted", "server":"akswtt22000003t"}}
{"logTime": "1107/012443", "correlationVector":"PiYs0W5iOaPUxVcSqsY6pp.2","action":"Commit Response", "result":"Success", "context":Result: Success. cV=PiYs0W5iOaPUxVcSqsY6pp.0;server=akswtt22000003t;cloudType=Consumer;environment=Prod_brazilsouth_prod-s01-001-sam-brazilsouth;migrationStage=NotStarted}
{"logTime": "1107/012725", "correlationVector":"V0uCf3TXuuLninECOK9dUq.1","action":"SyncServerConnectionManagerRequest", "result":"SYNC_SERVER_OK", "context":{"environment":"Prod_brazilsouth_prod-s01-001-sam-brazilsouth", "migrationStage":"NotStarted", "server":"akswtt220000029"}}
{"logTime": "1107/012725", "correlationVector":"V0uCf3TXuuLninECOK9dUq.2","action":"ProcessGetUpdates", "result":"Done", "context":{"dataType":"Encryption Keys", "deleted":"0", "process_failed_to_decrypt":"0", "process_pending_decryption":"0", "process_success":"1", "total":"1"}}
{"logTime": "1107/012726", "correlationVector":"sPH1U+XTe5CEltkrgg4L0E","action":"SyncServerConnectionManagerRequest", "result":"SYNC_SERVER_OK", "context":{"environment":"", "migrationStage":"", "server":""}}
{"logTime": "1107/012726", "correlationVector":"sPH1U+XTe5CEltkrgg4L0E.0","action":"EncryptionKeysFetcher.DownloadKeys:", "result":"Success", "context":Key count: 10, Last key timestamp: 2025-09-18T03:17:27Z}
{"logTime": "1107/012726", "correlationVector":"sPH1U+XTe5CEltkrgg4L0E.1","action":"EncryptionKeysManager::SetEncryptionKeys:", "result":"Success", "context":Key names[10]:[Q04puILP8hte084TW5tkXiW1XkLPLu6Guk8QOpGaQbfa07qCG+g/yCESjOGrtm+EPy+eR8eyxn1bYGoqj5Dt2Q==][y2oJTKIcw8bE/1J23Kx2xTOAh6eX1vlsy0eIIKqgUe7X05QIRTcBtv8rJlC6JMjyJSZCar17ECqLhtnKwVn+jg==][WCtB5hDNToctgwtNxmT10oDV34WjLJEYQTm+t3rPuBf5Pxybg2d6r687iFH0ymNFwnSOjchk+RUdZucp+9gn8g==][QoD7srY8ZmTa0DQhXrhzE55PemLfunN+SKGmjRj9sXORyVxrZBiTCX7MzsK1GMaQ9k0aGP3pCirvlXvKm46wMg==][nv+sacBknQqqBneYrv+a3d7crUBiiCEQFoL97qr/B/Lwh3aoDKiOa0KUgcewgWuhvjzsZ/bsh8r5KNb9E+gQeQ==][jk0KpaNJjHDIITwkvORbvWgjY5BPElt5AH2/4KDvMcmS7n7tIvJZVOCdMn95JBe2dr5xEpCD5AHTRMaKDybNNw==][w5wGoJY7ro5akVgGlfE7F0tz+JaFh+dRWNgJWwLykuaFxlCUAhxM9E1AfSYxoFns5esDW5Kvj2GCiJxXr1r/XQ==][2hygVXAZcVa6vn65ry9BbCVbaTeD22fUHzUr6s/gHUvCKg2JlOp2mGN7CTLIDUeJsK5INVGt1NmJI4m13isP8g==][SQKwZYipScuq5FsQBTUjwyLWQaZDrRTFawyRkQ5FhV7s03br+SN9npGXwjrmQ0Yt5OkPHUVca8QbnZQx0M67fw==][MolvjpALDjdPruk74V/AmiDRilbdoCD+4dUYZYCqZjRkV/3YO5DMOnK36g1TT8/y7U3ZJRfNjkJnTQ9QNDMUzw==]}
{"logTime": "1107/012726", "correlationVector":"sPH1U+XTe5CEltkrgg4L0E.2","action":"EncryptionKeysManager::SetEncryptionKeysWithTimestamps:", "result":"Success", "context":Key timestamps[10]:[2021-07-23T23:20:03Z][2022-01-23T21:32:17Z][2022-07-23T02:03:44Z][2023-01-24T17:02:49Z][2023-02-20T21:01:36Z][2023-09-26T15:15:22Z][2024-04-21T18:53:55Z][2025-04-05T15:53:45Z][2025-08-07T22:08:27Z][2025-09-18T03:17:27Z]}
{"logTime": "1107/012726", "correlationVector":"V0uCf3TXuuLninECOK9dUq","action":"Initial GetUpdates", "result":"", "context":Reason: NEW_CLIENT. cV=V0uCf3TXuuLninECOK9dUq}
{"logTime": "1107/012726", "correlationVector":"V0uCf3TXuuLninECOK9dUq.3","action":"GetUpdates Response", "result":"Success", "context":Received 1 update(s). cV=V0uCf3TXuuLninECOK9dUq.0;server=akswtt220000029;cloudType=Consumer;environment=Prod_brazilsouth_prod-s01-001-sam-brazilsouth;migrationStage=NotStarted}
{"logTime": "1107/012726", "correlationVector":"PhReNUmrREMEw2dfj8Jnr/","action":"Initial GetUpdates", "result":"", "context":Reason: NEWLY_SUPPORTED_DATATYPE. cV=PhReNUmrREMEw2dfj8Jnr/}
{"logTime": "1107/012726", "correlationVector":"PhReNUmrREMEw2dfj8Jnr/.1","action":"SyncServerConnectionManagerRequest", "result":"SYNC_SERVER_OK", "context":{"environment":"Prod_brazilsouth_prod-s01-001-sam-brazilsouth", "migrationStage":"NotStarted", "server":"akswtt220000029"}}
{"logTime": "1107/012726", "correlationVector":"PhReNUmrREMEw2dfj8Jnr/.2","action":"ProcessGetUpdates", "result":"Done", "context":{"dataType":"Passwords", "deleted":"0", "process_failed_to_decrypt":"0", "process_pending_decryption":"0", "process_success":"3", "total":"3"}}
{"logTime": "1107/012726", "correlationVector":"PhReNUmrREMEw2dfj8Jnr/.3","action":"GetUpdates Response", "result":"Success", "context":Received 3 update(s). cV=PhReNUmrREMEw2dfj8Jnr/.0;server=akswtt220000029;cloudType=Consumer;environment=Prod_brazilsouth_prod-s01-001-sam-brazilsouth;migrationStage=NotStarted}
{"logTime": "1107/012726", "correlationVector":"35FNaUXBkX89gpSUcEDW2V","action":"Normal GetUpdate request", "result":"", "context":cV=35FNaUXBkX89gpSUcEDW2V
Nudged types: Sessions, Device Info, History
Refresh requested types: Bookmarks, Preferences, Passwords, Autofill Profiles, Autofill, Extensions, Sessions, Extension settings, History Delete Directives, Device Info, User Consents, Send Tab To Self, Web Apps, History, Saved Tab Group, WebAuthn Credentials, Collection, Edge E Drop, Edge Hub App Usage, Edge Wallet, Encryption Keys}
{"logTime": "1107/012727", "correlationVector":"35FNaUXBkX89gpSUcEDW2V.1","action":"SyncServerConnectionManagerRequest", "result":"SYNC_SERVER_OK", "context":{"environment":"Prod_brazilsouth_prod-s01-001-sam-brazilsouth", "migrationStage":"NotStarted", "server":"akswtt22000002k"}}
{"logTime": "1107/012727", "correlationVector":"35FNaUXBkX89gpSUcEDW2V.2","action":"ProcessGetUpdates", "result":"Done", "context":{"dataType":"Sessions", "deleted":"1", "process_failed_to_decrypt":"0", "process_pending_decryption":"0", "process_success":"3", "total":"3"}}
{"logTime": "1107/012727", "correlationVector":"35FNaUXBkX89gpSUcEDW2V.3","action":"ProcessGetUpdates", "result":"Done", "context":{"dataType":"Device Info", "deleted":"0", "process_failed_to_decrypt":"0", "process_pending_decryption":"0", "process_success":"1", "total":"1"}}
{"logTime": "1107/012727", "correlationVector":"35FNaUXBkX89gpSUcEDW2V.4","action":"ProcessGetUpdates", "result":"Done", "context":{"dataType":"History", "deleted":"0", "process_failed_to_decrypt":"0", "process_pending_decryption":"0", "process_success":"5", "total":"5"}}
{"logTime": "1107/012727", "correlationVector":"35FNaUXBkX89gpSUcEDW2V.5","action":"GetUpdates Response", "result":"Success", "context":Received 9 update(s). cV=35FNaUXBkX89gpSUcEDW2V.0;server=akswtt22000002k;cloudType=Consumer;environment=Prod_brazilsouth_prod-s01-001-sam-brazilsouth;migrationStage=NotStarted}
{"logTime": "1107/012727", "correlationVector":"AvjvblqsinX8VMDteqWTnJ","action":"Commit Request", "result":"", "context":Item count: 5
Contributing types: Sessions, Device Info, History}
{"logTime": "1107/012728", "correlationVector":"AvjvblqsinX8VMDteqWTnJ.1","action":"SyncServerConnectionManagerRequest", "result":"SYNC_SERVER_OK", "context":{"environment":"Prod_brazilsouth_prod-s01-001-sam-brazilsouth", "migrationStage":"NotStarted", "server":"akswtt220000043"}}
{"logTime": "1107/012728", "correlationVector":"AvjvblqsinX8VMDteqWTnJ.3","action":"Commit.Sessions", "result":"Success", "context":{"id":"dd55fbc1-3a70-4cd6-b668-23788b905761", "isDeleted":"true", "size":"0", "version":"1762478681945"}}
{"logTime": "1107/012728", "correlationVector":"AvjvblqsinX8VMDteqWTnJ.2","action":"Commit Response", "result":"Success", "context":Result: Success. cV=AvjvblqsinX8VMDteqWTnJ.0;server=akswtt220000043;cloudType=Consumer;environment=Prod_brazilsouth_prod-s01-001-sam-brazilsouth;migrationStage=NotStarted}
{"logTime": "1107/012829", "correlationVector":"FFTvWESnaJkbvly1BCn6to","action":"Commit Request", "result":"", "context":Item count: 3
Contributing types: Sessions, History}
{"logTime": "1107/012830", "correlationVector":"FFTvWESnaJkbvly1BCn6to.1","action":"SyncServerConnectionManagerRequest", "result":"SYNC_SERVER_OK", "context":{"environment":"Prod_brazilsouth_prod-s01-001-sam-brazilsouth", "migrationStage":"NotStarted", "server":"akswtt220000033"}}
{"logTime": "1107/012830", "correlationVector":"FFTvWESnaJkbvly1BCn6to.2","action":"Commit Response", "result":"Success", "context":Result: Success. cV=FFTvWESnaJkbvly1BCn6to.0;server=akswtt220000033;cloudType=Consumer;environment=Prod_brazilsouth_prod-s01-001-sam-brazilsouth;migrationStage=NotStarted}
{"logTime": "1107/012944", "correlationVector":"0Q+4gkhqibxzu24UMuIyaM","action":"Commit Request", "result":"", "context":Item count: 4
Contributing types: Sessions, History}
{"logTime": "1107/012945", "correlationVector":"0Q+4gkhqibxzu24UMuIyaM.1","action":"SyncServerConnectionManagerRequest", "result":"SYNC_SERVER_OK", "context":{"environment":"Prod_brazilsouth_prod-s01-001-sam-brazilsouth", "migrationStage":"NotStarted", "server":"akswtt22000001o"}}
{"logTime": "1107/012945", "correlationVector":"0Q+4gkhqibxzu24UMuIyaM.2","action":"Commit Response", "result":"Success", "context":Result: Success. cV=0Q+4gkhqibxzu24UMuIyaM.0;server=akswtt22000001o;cloudType=Consumer;environment=Prod_brazilsouth_prod-s01-001-sam-brazilsouth;migrationStage=NotStarted}
{"logTime": "1107/015541", "correlationVector":"kNr7O4O4n0c8kk993XX1N3.1","action":"SyncServerConnectionManagerRequest", "result":"SYNC_SERVER_OK", "context":{"environment":"Prod_brazilsouth_prod-s01-001-sam-brazilsouth", "migrationStage":"NotStarted", "server":"akswtt22000003i"}}
{"logTime": "1107/015541", "correlationVector":"kNr7O4O4n0c8kk993XX1N3.2","action":"ProcessGetUpdates", "result":"Done", "context":{"dataType":"Encryption Keys", "deleted":"0", "process_failed_to_decrypt":"0", "process_pending_decryption":"0", "process_success":"1", "total":"1"}}
{"logTime": "1107/015542", "correlationVector":"2mdirWY6BZt5B8vwbCKGCk","action":"SyncServerConnectionManagerRequest", "result":"SYNC_SERVER_OK", "context":{"environment":"", "migrationStage":"", "server":""}}
{"logTime": "1107/015542", "correlationVector":"2mdirWY6BZt5B8vwbCKGCk.0","action":"EncryptionKeysFetcher.DownloadKeys:", "result":"Success", "context":Key count: 10, Last key timestamp: 2025-09-18T03:17:27Z}
{"logTime": "1107/015542", "correlationVector":"2mdirWY6BZt5B8vwbCKGCk.1","action":"EncryptionKeysManager::SetEncryptionKeys:", "result":"Success", "context":Key names[10]:[Q04puILP8hte084TW5tkXiW1XkLPLu6Guk8QOpGaQbfa07qCG+g/yCESjOGrtm+EPy+eR8eyxn1bYGoqj5Dt2Q==][y2oJTKIcw8bE/1J23Kx2xTOAh6eX1vlsy0eIIKqgUe7X05QIRTcBtv8rJlC6JMjyJSZCar17ECqLhtnKwVn+jg==][WCtB5hDNToctgwtNxmT10oDV34WjLJEYQTm+t3rPuBf5Pxybg2d6r687iFH0ymNFwnSOjchk+RUdZucp+9gn8g==][QoD7srY8ZmTa0DQhXrhzE55PemLfunN+SKGmjRj9sXORyVxrZBiTCX7MzsK1GMaQ9k0aGP3pCirvlXvKm46wMg==][nv+sacBknQqqBneYrv+a3d7crUBiiCEQFoL97qr/B/Lwh3aoDKiOa0KUgcewgWuhvjzsZ/bsh8r5KNb9E+gQeQ==][jk0KpaNJjHDIITwkvORbvWgjY5BPElt5AH2/4KDvMcmS7n7tIvJZVOCdMn95JBe2dr5xEpCD5AHTRMaKDybNNw==][w5wGoJY7ro5akVgGlfE7F0tz+JaFh+dRWNgJWwLykuaFxlCUAhxM9E1AfSYxoFns5esDW5Kvj2GCiJxXr1r/XQ==][2hygVXAZcVa6vn65ry9BbCVbaTeD22fUHzUr6s/gHUvCKg2JlOp2mGN7CTLIDUeJsK5INVGt1NmJI4m13isP8g==][SQKwZYipScuq5FsQBTUjwyLWQaZDrRTFawyRkQ5FhV7s03br+SN9npGXwjrmQ0Yt5OkPHUVca8QbnZQx0M67fw==][MolvjpALDjdPruk74V/AmiDRilbdoCD+4dUYZYCqZjRkV/3YO5DMOnK36g1TT8/y7U3ZJRfNjkJnTQ9QNDMUzw==]}
{"logTime": "1107/015542", "correlationVector":"2mdirWY6BZt5B8vwbCKGCk.2","action":"EncryptionKeysManager::SetEncryptionKeysWithTimestamps:", "result":"Success", "context":Key timestamps[10]:[2021-07-23T23:20:03Z][2022-01-23T21:32:17Z][2022-07-23T02:03:44Z][2023-01-24T17:02:49Z][2023-02-20T21:01:36Z][2023-09-26T15:15:22Z][2024-04-21T18:53:55Z][2025-04-05T15:53:45Z][2025-08-07T22:08:27Z][2025-09-18T03:17:27Z]}
{"logTime": "1107/015542", "correlationVector":"kNr7O4O4n0c8kk993XX1N3","action":"Initial GetUpdates", "result":"", "context":Reason: NEW_CLIENT. cV=kNr7O4O4n0c8kk993XX1N3}
{"logTime": "1107/015542", "correlationVector":"kNr7O4O4n0c8kk993XX1N3.3","action":"GetUpdates Response", "result":"Success", "context":Received 1 update(s). cV=kNr7O4O4n0c8kk993XX1N3.0;server=akswtt22000003i;cloudType=Consumer;environment=Prod_brazilsouth_prod-s01-001-sam-brazilsouth;migrationStage=NotStarted}
{"logTime": "1107/015542", "correlationVector":"DahEOlZMBfggYON/1BadM/","action":"Initial GetUpdates", "result":"", "context":Reason: NEWLY_SUPPORTED_DATATYPE. cV=DahEOlZMBfggYON/1BadM/}
{"logTime": "1107/015543", "correlationVector":"DahEOlZMBfggYON/1BadM/.1","action":"SyncServerConnectionManagerRequest", "result":"SYNC_SERVER_OK", "context":{"environment":"Prod_brazilsouth_prod-s01-001-sam-brazilsouth", "migrationStage":"NotStarted", "server":"akswtt22000002z"}}
{"logTime": "1107/015543", "correlationVector":"DahEOlZMBfggYON/1BadM/.2","action":"ProcessGetUpdates", "result":"Done", "context":{"dataType":"Passwords", "deleted":"0", "process_failed_to_decrypt":"0", "process_pending_decryption":"0", "process_success":"3", "total":"3"}}
{"logTime": "1107/015543", "correlationVector":"DahEOlZMBfggYON/1BadM/.3","action":"GetUpdates Response", "result":"Success", "context":Received 3 update(s). cV=DahEOlZMBfggYON/1BadM/.0;server=akswtt22000002z;cloudType=Consumer;environment=Prod_brazilsouth_prod-s01-001-sam-brazilsouth;migrationStage=NotStarted}
{"logTime": "1107/015543", "correlationVector":"onA2a5L+61fgwoH9I7BhwC","action":"Normal GetUpdate request", "result":"", "context":cV=onA2a5L+61fgwoH9I7BhwC
Nudged types: Sessions, Device Info, History
Refresh requested types: Bookmarks, Preferences, Passwords, Autofill Profiles, Autofill, Extensions, Sessions, Extension settings, History Delete Directives, Device Info, User Consents, Send Tab To Self, Web Apps, History, Saved Tab Group, WebAuthn Credentials, Collection, Edge E Drop, Edge Hub App Usage, Edge Wallet, Encryption Keys}
{"logTime": "1107/015543", "correlationVector":"onA2a5L+61fgwoH9I7BhwC.1","action":"SyncServerConnectionManagerRequest", "result":"SYNC_SERVER_OK", "context":{"environment":"Prod_brazilsouth_prod-s01-001-sam-brazilsouth", "migrationStage":"NotStarted", "server":"akswtt220000044"}}
{"logTime": "1107/015543", "correlationVector":"onA2a5L+61fgwoH9I7BhwC.2","action":"ProcessGetUpdates", "result":"Done", "context":{"dataType":"Sessions", "deleted":"1", "process_failed_to_decrypt":"0", "process_pending_decryption":"0", "process_success":"3", "total":"3"}}
{"logTime": "1107/015543", "correlationVector":"onA2a5L+61fgwoH9I7BhwC.3","action":"ProcessGetUpdates", "result":"Done", "context":{"dataType":"Device Info", "deleted":"0", "process_failed_to_decrypt":"0", "process_pending_decryption":"0", "process_success":"1", "total":"1"}}
{"logTime": "1107/015543", "correlationVector":"onA2a5L+61fgwoH9I7BhwC.4","action":"ProcessGetUpdates", "result":"Done", "context":{"dataType":"History", "deleted":"0", "process_failed_to_decrypt":"0", "process_pending_decryption":"0", "process_success":"5", "total":"5"}}
{"logTime": "1107/015543", "correlationVector":"onA2a5L+61fgwoH9I7BhwC.5","action":"GetUpdates Response", "result":"Success", "context":Received 9 update(s). cV=onA2a5L+61fgwoH9I7BhwC.0;server=akswtt220000044;cloudType=Consumer;environment=Prod_brazilsouth_prod-s01-001-sam-brazilsouth;migrationStage=NotStarted}
{"logTime": "1107/015543", "correlationVector":"UPiV7XdYn29bo6lOHeXuuZ","action":"Commit Request", "result":"", "context":Item count: 5
Contributing types: Sessions, Device Info, History}
{"logTime": "1107/015544", "correlationVector":"UPiV7XdYn29bo6lOHeXuuZ.1","action":"SyncServerConnectionManagerRequest", "result":"SYNC_SERVER_OK", "context":{"environment":"Prod_brazilsouth_prod-s01-001-sam-brazilsouth", "migrationStage":"NotStarted", "server":"akswtt22000003c"}}
{"logTime": "1107/015544", "correlationVector":"UPiV7XdYn29bo6lOHeXuuZ.3","action":"Commit.Sessions", "result":"Success", "context":{"id":"827ab865-5570-4ddf-aa47-229507f89e89", "isDeleted":"true", "size":"0", "version":"1762478984477"}}
{"logTime": "1107/015544", "correlationVector":"UPiV7XdYn29bo6lOHeXuuZ.2","action":"Commit Response", "result":"Success", "context":Result: Success. cV=UPiV7XdYn29bo6lOHeXuuZ.0;server=akswtt22000003c;cloudType=Consumer;environment=Prod_brazilsouth_prod-s01-001-sam-brazilsouth;migrationStage=NotStarted}
{"logTime": "1107/015604", "correlationVector":"RoY8GF1XtNjCDpt4YfHG42","action":"Commit Request", "result":"", "context":Item count: 6
Contributing types: Preferences, Passwords, Sessions, History}
{"logTime": "1107/015605", "correlationVector":"RoY8GF1XtNjCDpt4YfHG42.1","action":"SyncServerConnectionManagerRequest", "result":"SYNC_SERVER_OK", "context":{"environment":"Prod_brazilsouth_prod-s01-001-sam-brazilsouth", "migrationStage":"NotStarted", "server":"akswtt22000002t"}}
{"logTime": "1107/015605", "correlationVector":"RoY8GF1XtNjCDpt4YfHG42.2","action":"Commit Response", "result":"Success", "context":Result: Success. cV=RoY8GF1XtNjCDpt4YfHG42.0;server=akswtt22000002t;cloudType=Consumer;environment=Prod_brazilsouth_prod-s01-001-sam-brazilsouth;migrationStage=NotStarted}
{"logTime": "1107/015706", "correlationVector":"Y9bf1po+sy+pPKdtO7aP/T","action":"Commit Request", "result":"", "context":Item count: 5
Contributing types: Sessions, History}
{"logTime": "1107/015706", "correlationVector":"Y9bf1po+sy+pPKdtO7aP/T.1","action":"SyncServerConnectionManagerRequest", "result":"SYNC_SERVER_OK", "context":{"environment":"Prod_brazilsouth_prod-s01-001-sam-brazilsouth", "migrationStage":"NotStarted", "server":"akswtt22000002z"}}
{"logTime": "1107/015706", "correlationVector":"Y9bf1po+sy+pPKdtO7aP/T.2","action":"Commit Response", "result":"Success", "context":Result: Success. cV=Y9bf1po+sy+pPKdtO7aP/T.0;server=akswtt22000002z;cloudType=Consumer;environment=Prod_brazilsouth_prod-s01-001-sam-brazilsouth;migrationStage=NotStarted}
{"logTime": "1107/015824", "correlationVector":"3i3PDPR6X/AUg7gtBXCkvw","action":"Commit Request", "result":"", "context":Item count: 4
Contributing types: Sessions, History}
{"logTime": "1107/015825", "correlationVector":"3i3PDPR6X/AUg7gtBXCkvw.1","action":"SyncServerConnectionManagerRequest", "result":"SYNC_SERVER_OK", "context":{"environment":"Prod_brazilsouth_prod-s01-001-sam-brazilsouth", "migrationStage":"NotStarted", "server":"akswtt22000003q"}}
{"logTime": "1107/015825", "correlationVector":"3i3PDPR6X/AUg7gtBXCkvw.2","action":"Commit Response", "result":"Success", "context":Result: Success. cV=3i3PDPR6X/AUg7gtBXCkvw.0;server=akswtt22000003q;cloudType=Consumer;environment=Prod_brazilsouth_prod-s01-001-sam-brazilsouth;migrationStage=NotStarted}
{"logTime": "1107/020044", "correlationVector":"dFpSXFAJQ7wb9SIAW+66Y+.1","action":"SyncServerConnectionManagerRequest", "result":"SYNC_SERVER_OK", "context":{"environment":"Prod_brazilsouth_prod-s01-001-sam-brazilsouth", "migrationStage":"NotStarted", "server":"akswtt22000003o"}}
{"logTime": "1107/020044", "correlationVector":"dFpSXFAJQ7wb9SIAW+66Y+.2","action":"ProcessGetUpdates", "result":"Done", "context":{"dataType":"Encryption Keys", "deleted":"0", "process_failed_to_decrypt":"0", "process_pending_decryption":"0", "process_success":"1", "total":"1"}}
{"logTime": "1107/020045", "correlationVector":"BGNIieaQ9nRirjgwMCFyK5","action":"SyncServerConnectionManagerRequest", "result":"SYNC_SERVER_OK", "context":{"environment":"", "migrationStage":"", "server":""}}
{"logTime": "1107/020045", "correlationVector":"BGNIieaQ9nRirjgwMCFyK5.0","action":"EncryptionKeysFetcher.DownloadKeys:", "result":"Success", "context":Key count: 10, Last key timestamp: 2025-09-18T03:17:27Z}
{"logTime": "1107/020045", "correlationVector":"BGNIieaQ9nRirjgwMCFyK5.1","action":"EncryptionKeysManager::SetEncryptionKeys:", "result":"Success", "context":Key names[10]:[Q04puILP8hte084TW5tkXiW1XkLPLu6Guk8QOpGaQbfa07qCG+g/yCESjOGrtm+EPy+eR8eyxn1bYGoqj5Dt2Q==][y2oJTKIcw8bE/1J23Kx2xTOAh6eX1vlsy0eIIKqgUe7X05QIRTcBtv8rJlC6JMjyJSZCar17ECqLhtnKwVn+jg==][WCtB5hDNToctgwtNxmT10oDV34WjLJEYQTm+t3rPuBf5Pxybg2d6r687iFH0ymNFwnSOjchk+RUdZucp+9gn8g==][QoD7srY8ZmTa0DQhXrhzE55PemLfunN+SKGmjRj9sXORyVxrZBiTCX7MzsK1GMaQ9k0aGP3pCirvlXvKm46wMg==][nv+sacBknQqqBneYrv+a3d7crUBiiCEQFoL97qr/B/Lwh3aoDKiOa0KUgcewgWuhvjzsZ/bsh8r5KNb9E+gQeQ==][jk0KpaNJjHDIITwkvORbvWgjY5BPElt5AH2/4KDvMcmS7n7tIvJZVOCdMn95JBe2dr5xEpCD5AHTRMaKDybNNw==][w5wGoJY7ro5akVgGlfE7F0tz+JaFh+dRWNgJWwLykuaFxlCUAhxM9E1AfSYxoFns5esDW5Kvj2GCiJxXr1r/XQ==][2hygVXAZcVa6vn65ry9BbCVbaTeD22fUHzUr6s/gHUvCKg2JlOp2mGN7CTLIDUeJsK5INVGt1NmJI4m13isP8g==][SQKwZYipScuq5FsQBTUjwyLWQaZDrRTFawyRkQ5FhV7s03br+SN9npGXwjrmQ0Yt5OkPHUVca8QbnZQx0M67fw==][MolvjpALDjdPruk74V/AmiDRilbdoCD+4dUYZYCqZjRkV/3YO5DMOnK36g1TT8/y7U3ZJRfNjkJnTQ9QNDMUzw==]}
{"logTime": "1107/020045", "correlationVector":"BGNIieaQ9nRirjgwMCFyK5.2","action":"EncryptionKeysManager::SetEncryptionKeysWithTimestamps:", "result":"Success", "context":Key timestamps[10]:[2021-07-23T23:20:03Z][2022-01-23T21:32:17Z][2022-07-23T02:03:44Z][2023-01-24T17:02:49Z][2023-02-20T21:01:36Z][2023-09-26T15:15:22Z][2024-04-21T18:53:55Z][2025-04-05T15:53:45Z][2025-08-07T22:08:27Z][2025-09-18T03:17:27Z]}
{"logTime": "1107/020045", "correlationVector":"dFpSXFAJQ7wb9SIAW+66Y+","action":"Initial GetUpdates", "result":"", "context":Reason: NEW_CLIENT. cV=dFpSXFAJQ7wb9SIAW+66Y+}
{"logTime": "1107/020045", "correlationVector":"dFpSXFAJQ7wb9SIAW+66Y+.3","action":"GetUpdates Response", "result":"Success", "context":Received 1 update(s). cV=dFpSXFAJQ7wb9SIAW+66Y+.0;server=akswtt22000003o;cloudType=Consumer;environment=Prod_brazilsouth_prod-s01-001-sam-brazilsouth;migrationStage=NotStarted}
{"logTime": "1107/020045", "correlationVector":"MZW9OZK4ExL38jzP0732wL","action":"Initial GetUpdates", "result":"", "context":Reason: NEWLY_SUPPORTED_DATATYPE. cV=MZW9OZK4ExL38jzP0732wL}
{"logTime": "1107/020045", "correlationVector":"MZW9OZK4ExL38jzP0732wL.1","action":"SyncServerConnectionManagerRequest", "result":"SYNC_SERVER_OK", "context":{"environment":"Prod_brazilsouth_prod-s01-001-sam-brazilsouth", "migrationStage":"NotStarted", "server":"akswtt22000003t"}}
{"logTime": "1107/020045", "correlationVector":"MZW9OZK4ExL38jzP0732wL.2","action":"ProcessGetUpdates", "result":"Done", "context":{"dataType":"Passwords", "deleted":"0", "process_failed_to_decrypt":"0", "process_pending_decryption":"0", "process_success":"4", "total":"4"}}
{"logTime": "1107/020045", "correlationVector":"MZW9OZK4ExL38jzP0732wL.3","action":"GetUpdates Response", "result":"Success", "context":Received 4 update(s). cV=MZW9OZK4ExL38jzP0732wL.0;server=akswtt22000003t;cloudType=Consumer;environment=Prod_brazilsouth_prod-s01-001-sam-brazilsouth;migrationStage=NotStarted}
{"logTime": "1107/020045", "correlationVector":"fDiYRHNGfkEF5b8ZKHuSzn","action":"Normal GetUpdate request", "result":"", "context":cV=fDiYRHNGfkEF5b8ZKHuSzn
Nudged types: Sessions, Device Info, History
Refresh requested types: Bookmarks, Preferences, Passwords, Autofill Profiles, Autofill, Extensions, Sessions, Extension settings, History Delete Directives, Device Info, User Consents, Send Tab To Self, Web Apps, History, Saved Tab Group, WebAuthn Credentials, Collection, Edge E Drop, Edge Hub App Usage, Edge Wallet, Encryption Keys}
{"logTime": "1107/020046", "correlationVector":"fDiYRHNGfkEF5b8ZKHuSzn.1","action":"SyncServerConnectionManagerRequest", "result":"SYNC_SERVER_OK", "context":{"environment":"Prod_brazilsouth_prod-s01-001-sam-brazilsouth", "migrationStage":"NotStarted", "server":"akswtt22000002y"}}
{"logTime": "1107/020046", "correlationVector":"fDiYRHNGfkEF5b8ZKHuSzn.2","action":"ProcessGetUpdates", "result":"Done", "context":{"dataType":"Preferences", "deleted":"0", "process_failed_to_decrypt":"0", "process_pending_decryption":"0", "process_success":"1", "total":"1"}}
{"logTime": "1107/020046", "correlationVector":"fDiYRHNGfkEF5b8ZKHuSzn.3","action":"ProcessGetUpdates", "result":"Done", "context":{"dataType":"Sessions", "deleted":"1", "process_failed_to_decrypt":"0", "process_pending_decryption":"0", "process_success":"3", "total":"3"}}
{"logTime": "1107/020046", "correlationVector":"fDiYRHNGfkEF5b8ZKHuSzn.4","action":"ProcessGetUpdates", "result":"Done", "context":{"dataType":"Device Info", "deleted":"0", "process_failed_to_decrypt":"0", "process_pending_decryption":"0", "process_success":"1", "total":"1"}}
{"logTime": "1107/020046", "correlationVector":"fDiYRHNGfkEF5b8ZKHuSzn.5","action":"ProcessGetUpdates", "result":"Done", "context":{"dataType":"History", "deleted":"0", "process_failed_to_decrypt":"0", "process_pending_decryption":"0", "process_success":"9", "total":"9"}}
{"logTime": "1107/020046", "correlationVector":"fDiYRHNGfkEF5b8ZKHuSzn.6","action":"GetUpdates Response", "result":"Success", "context":Received 14 update(s). cV=fDiYRHNGfkEF5b8ZKHuSzn.0;server=akswtt22000002y;cloudType=Consumer;environment=Prod_brazilsouth_prod-s01-001-sam-brazilsouth;migrationStage=NotStarted}
{"logTime": "1107/020046", "correlationVector":"eeyOvadyOGKyVoEpnZJVwI","action":"Commit Request", "result":"", "context":Item count: 8
Contributing types: Sessions, Device Info, History}
{"logTime": "1107/020047", "correlationVector":"eeyOvadyOGKyVoEpnZJVwI.1","action":"SyncServerConnectionManagerRequest", "result":"SYNC_SERVER_OK", "context":{"environment":"Prod_brazilsouth_prod-s01-001-sam-brazilsouth", "migrationStage":"NotStarted", "server":"akswtt22000003t"}}
{"logTime": "1107/020047", "correlationVector":"eeyOvadyOGKyVoEpnZJVwI.2","action":"Commit Response", "result":"Success", "context":Result: Success. cV=eeyOvadyOGKyVoEpnZJVwI.0;server=akswtt22000003t;cloudType=Consumer;environment=Prod_brazilsouth_prod-s01-001-sam-brazilsouth;migrationStage=NotStarted}
{"logTime": "1107/020149", "correlationVector":"kjA+LgPVj5K0zllR6ki8Kw","action":"Commit Request", "result":"", "context":Item count: 6
Contributing types: Sessions, History}
{"logTime": "1107/020150", "correlationVector":"kjA+LgPVj5K0zllR6ki8Kw.1","action":"SyncServerConnectionManagerRequest", "result":"SYNC_SERVER_OK", "context":{"environment":"Prod_brazilsouth_prod-s01-034-sam-brazilsouth", "migrationStage":"NotStarted", "server":"akswtt01600003q"}}
{"logTime": "1107/020150", "correlationVector":"kjA+LgPVj5K0zllR6ki8Kw.3","action":"Commit.Sessions", "result":"Success", "context":{"id":"68ab1819-9169-4382-af61-3b4566183465", "isDeleted":"true", "size":"0", "version":"1762480845973"}}
{"logTime": "1107/020150", "correlationVector":"kjA+LgPVj5K0zllR6ki8Kw.2","action":"Commit Response", "result":"Success", "context":Result: Success. cV=kjA+LgPVj5K0zllR6ki8Kw.0;server=akswtt01600003q;cloudType=Consumer;environment=Prod_brazilsouth_prod-s01-034-sam-brazilsouth;migrationStage=NotStarted}
{"logTime": "1107/021028", "correlationVector":"ou+H1+4byWPnJ4BWPMCAzr.1","action":"SyncServerConnectionManagerRequest", "result":"SYNC_SERVER_OK", "context":{"environment":"Prod_brazilsouth_prod-s01-034-sam-brazilsouth", "migrationStage":"NotStarted", "server":"akswtt016000040"}}
{"logTime": "1107/021028", "correlationVector":"ou+H1+4byWPnJ4BWPMCAzr.2","action":"ProcessGetUpdates", "result":"Done", "context":{"dataType":"Encryption Keys", "deleted":"0", "process_failed_to_decrypt":"0", "process_pending_decryption":"0", "process_success":"1", "total":"1"}}
{"logTime": "1107/021029", "correlationVector":"rcBzsjBRYX9Acesmjwt10V","action":"SyncServerConnectionManagerRequest", "result":"SYNC_SERVER_OK", "context":{"environment":"", "migrationStage":"", "server":""}}
{"logTime": "1107/021029", "correlationVector":"rcBzsjBRYX9Acesmjwt10V.0","action":"EncryptionKeysFetcher.DownloadKeys:", "result":"Success", "context":Key count: 10, Last key timestamp: 2025-09-18T03:17:27Z}
{"logTime": "1107/021029", "correlationVector":"rcBzsjBRYX9Acesmjwt10V.1","action":"EncryptionKeysManager::SetEncryptionKeys:", "result":"Success", "context":Key names[10]:[Q04puILP8hte084TW5tkXiW1XkLPLu6Guk8QOpGaQbfa07qCG+g/yCESjOGrtm+EPy+eR8eyxn1bYGoqj5Dt2Q==][y2oJTKIcw8bE/1J23Kx2xTOAh6eX1vlsy0eIIKqgUe7X05QIRTcBtv8rJlC6JMjyJSZCar17ECqLhtnKwVn+jg==][WCtB5hDNToctgwtNxmT10oDV34WjLJEYQTm+t3rPuBf5Pxybg2d6r687iFH0ymNFwnSOjchk+RUdZucp+9gn8g==][QoD7srY8ZmTa0DQhXrhzE55PemLfunN+SKGmjRj9sXORyVxrZBiTCX7MzsK1GMaQ9k0aGP3pCirvlXvKm46wMg==][nv+sacBknQqqBneYrv+a3d7crUBiiCEQFoL97qr/B/Lwh3aoDKiOa0KUgcewgWuhvjzsZ/bsh8r5KNb9E+gQeQ==][jk0KpaNJjHDIITwkvORbvWgjY5BPElt5AH2/4KDvMcmS7n7tIvJZVOCdMn95JBe2dr5xEpCD5AHTRMaKDybNNw==][w5wGoJY7ro5akVgGlfE7F0tz+JaFh+dRWNgJWwLykuaFxlCUAhxM9E1AfSYxoFns5esDW5Kvj2GCiJxXr1r/XQ==][2hygVXAZcVa6vn65ry9BbCVbaTeD22fUHzUr6s/gHUvCKg2JlOp2mGN7CTLIDUeJsK5INVGt1NmJI4m13isP8g==][SQKwZYipScuq5FsQBTUjwyLWQaZDrRTFawyRkQ5FhV7s03br+SN9npGXwjrmQ0Yt5OkPHUVca8QbnZQx0M67fw==][MolvjpALDjdPruk74V/AmiDRilbdoCD+4dUYZYCqZjRkV/3YO5DMOnK36g1TT8/y7U3ZJRfNjkJnTQ9QNDMUzw==]}
{"logTime": "1107/021029", "correlationVector":"rcBzsjBRYX9Acesmjwt10V.2","action":"EncryptionKeysManager::SetEncryptionKeysWithTimestamps:", "result":"Success", "context":Key timestamps[10]:[2021-07-23T23:20:03Z][2022-01-23T21:32:17Z][2022-07-23T02:03:44Z][2023-01-24T17:02:49Z][2023-02-20T21:01:36Z][2023-09-26T15:15:22Z][2024-04-21T18:53:55Z][2025-04-05T15:53:45Z][2025-08-07T22:08:27Z][2025-09-18T03:17:27Z]}
{"logTime": "1107/021029", "correlationVector":"ou+H1+4byWPnJ4BWPMCAzr","action":"Initial GetUpdates", "result":"", "context":Reason: NEW_CLIENT. cV=ou+H1+4byWPnJ4BWPMCAzr}
{"logTime": "1107/021029", "correlationVector":"ou+H1+4byWPnJ4BWPMCAzr.3","action":"GetUpdates Response", "result":"Success", "context":Received 1 update(s). cV=ou+H1+4byWPnJ4BWPMCAzr.0;server=akswtt016000040;cloudType=Consumer;environment=Prod_brazilsouth_prod-s01-034-sam-brazilsouth;migrationStage=NotStarted}
{"logTime": "1107/021029", "correlationVector":"ngwq4Z3movH1/JQJOhNEUg","action":"Initial GetUpdates", "result":"", "context":Reason: NEWLY_SUPPORTED_DATATYPE. cV=ngwq4Z3movH1/JQJOhNEUg}
{"logTime": "1107/021029", "correlationVector":"ngwq4Z3movH1/JQJOhNEUg.1","action":"SyncServerConnectionManagerRequest", "result":"SYNC_SERVER_OK", "context":{"environment":"Prod_brazilsouth_prod-s01-034-sam-brazilsouth", "migrationStage":"NotStarted", "server":"akswtt01600003d"}}
{"logTime": "1107/021029", "correlationVector":"ngwq4Z3movH1/JQJOhNEUg.2","action":"ProcessGetUpdates", "result":"Done", "context":{"dataType":"Passwords", "deleted":"0", "process_failed_to_decrypt":"0", "process_pending_decryption":"0", "process_success":"4", "total":"4"}}
{"logTime": "1107/021029", "correlationVector":"ngwq4Z3movH1/JQJOhNEUg.3","action":"GetUpdates Response", "result":"Success", "context":Received 4 update(s). cV=ngwq4Z3movH1/JQJOhNEUg.0;server=akswtt01600003d;cloudType=Consumer;environment=Prod_brazilsouth_prod-s01-034-sam-brazilsouth;migrationStage=NotStarted}
{"logTime": "1107/021029", "correlationVector":"X6pEbv1J8OaZ1erxwnrUN3","action":"Normal GetUpdate request", "result":"", "context":cV=X6pEbv1J8OaZ1erxwnrUN3
Nudged types: Sessions, Device Info, History
Refresh requested types: Bookmarks, Preferences, Passwords, Autofill Profiles, Autofill, Extensions, Sessions, Extension settings, History Delete Directives, Device Info, User Consents, Send Tab To Self, Web Apps, History, Saved Tab Group, WebAuthn Credentials, Collection, Edge E Drop, Edge Hub App Usage, Edge Wallet, Encryption Keys}
{"logTime": "1107/021030", "correlationVector":"X6pEbv1J8OaZ1erxwnrUN3.1","action":"SyncServerConnectionManagerRequest", "result":"SYNC_SERVER_OK", "context":{"environment":"Prod_brazilsouth_prod-s01-034-sam-brazilsouth", "migrationStage":"NotStarted", "server":"akswtt016000013"}}
{"logTime": "1107/021030", "correlationVector":"X6pEbv1J8OaZ1erxwnrUN3.2","action":"ProcessGetUpdates", "result":"Done", "context":{"dataType":"Sessions", "deleted":"1", "process_failed_to_decrypt":"0", "process_pending_decryption":"0", "process_success":"3", "total":"3"}}
{"logTime": "1107/021030", "correlationVector":"X6pEbv1J8OaZ1erxwnrUN3.3","action":"ProcessGetUpdates", "result":"Done", "context":{"dataType":"Device Info", "deleted":"0", "process_failed_to_decrypt":"0", "process_pending_decryption":"0", "process_success":"1", "total":"1"}}
{"logTime": "1107/021030", "correlationVector":"X6pEbv1J8OaZ1erxwnrUN3.4","action":"ProcessGetUpdates", "result":"Done", "context":{"dataType":"History", "deleted":"0", "process_failed_to_decrypt":"0", "process_pending_decryption":"0", "process_success":"7", "total":"7"}}
{"logTime": "1107/021030", "correlationVector":"X6pEbv1J8OaZ1erxwnrUN3.5","action":"GetUpdates Response", "result":"Success", "context":Received 11 update(s). cV=X6pEbv1J8OaZ1erxwnrUN3.0;server=akswtt016000013;cloudType=Consumer;environment=Prod_brazilsouth_prod-s01-034-sam-brazilsouth;migrationStage=NotStarted}
{"logTime": "1107/021030", "correlationVector":"quwiHFzuFIlLPHHZsmOX/s","action":"Commit Request", "result":"", "context":Item count: 6
Contributing types: Sessions, Device Info, History}
{"logTime": "1107/021031", "correlationVector":"quwiHFzuFIlLPHHZsmOX/s.1","action":"SyncServerConnectionManagerRequest", "result":"SYNC_SERVER_OK", "context":{"environment":"Prod_brazilsouth_prod-s01-034-sam-brazilsouth", "migrationStage":"NotStarted", "server":"akswtt016000040"}}
{"logTime": "1107/021031", "correlationVector":"quwiHFzuFIlLPHHZsmOX/s.3","action":"Commit.Sessions", "result":"Success", "context":{"id":"7b902045-4fe5-4dde-b2aa-e1f722be63f6", "isDeleted":"true", "size":"0", "version":"1762480909533"}}
{"logTime": "1107/021031", "correlationVector":"quwiHFzuFIlLPHHZsmOX/s.2","action":"Commit Response", "result":"Success", "context":Result: Success. cV=quwiHFzuFIlLPHHZsmOX/s.0;server=akswtt016000040;cloudType=Consumer;environment=Prod_brazilsouth_prod-s01-034-sam-brazilsouth;migrationStage=NotStarted}
{"logTime": "1107/021133", "correlationVector":"PN5j3SaTlnJGXknNJJDMSO","action":"Commit Request", "result":"", "context":Item count: 5
Contributing types: Sessions, History}
{"logTime": "1107/021134", "correlationVector":"PN5j3SaTlnJGXknNJJDMSO.1","action":"SyncServerConnectionManagerRequest", "result":"SYNC_SERVER_OK", "context":{"environment":"Prod_brazilsouth_prod-s01-034-sam-brazilsouth", "migrationStage":"NotStarted", "server":"akswtt01600003l"}}
{"logTime": "1107/021134", "correlationVector":"PN5j3SaTlnJGXknNJJDMSO.2","action":"Commit Response", "result":"Success", "context":Result: Success. cV=PN5j3SaTlnJGXknNJJDMSO.0;server=akswtt01600003l;cloudType=Consumer;environment=Prod_brazilsouth_prod-s01-034-sam-brazilsouth;migrationStage=NotStarted}
